{"C:\\Users\\Anitha\\Assignment\\SSA\\social-support-portal\\src\\api\\authApi.ts": {"path":"C:\\Users\\Anitha\\Assignment\\SSA\\social-support-portal\\src\\api\\authApi.ts","statementMap":{"0":{"start":{"line":18,"column":0},"end":{"line":18,"column":22}},"1":{"start":{"line":24,"column":0},"end":{"line":24,"column":22}},"2":{"start":{"line":38,"column":0},"end":{"line":38,"column":22}},"3":{"start":{"line":44,"column":0},"end":{"line":44,"column":22}},"4":{"start":{"line":1,"column":0},"end":{"line":1,"column":26}},"5":{"start":{"line":2,"column":0},"end":{"line":2,"column":51}},"6":{"start":{"line":12,"column":12},"end":{"line":15,"column":2}},"7":{"start":{"line":19,"column":14},"end":{"line":19,"column":68}},"8":{"start":{"line":20,"column":2},"end":{"line":20,"column":26}},"9":{"start":{"line":26,"column":14},"end":{"line":28,"column":4}},"10":{"start":{"line":30,"column":2},"end":{"line":32,"column":3}},"11":{"start":{"line":31,"column":4},"end":{"line":31,"column":43}},"12":{"start":{"line":34,"column":2},"end":{"line":34,"column":21}},"13":{"start":{"line":39,"column":14},"end":{"line":39,"column":45}},"14":{"start":{"line":40,"column":2},"end":{"line":40,"column":18}},"15":{"start":{"line":45,"column":14},"end":{"line":45,"column":49}},"16":{"start":{"line":46,"column":2},"end":{"line":46,"column":18}}},"fnMap":{"0":{"name":"signupUser","decl":{"start":{"line":18,"column":22},"end":{"line":18,"column":32}},"loc":{"start":{"line":18,"column":55},"end":{"line":21,"column":null}}},"1":{"name":"loginUser","decl":{"start":{"line":24,"column":22},"end":{"line":24,"column":31}},"loc":{"start":{"line":24,"column":63},"end":{"line":35,"column":null}}},"2":{"name":"getUsers","decl":{"start":{"line":38,"column":22},"end":{"line":38,"column":30}},"loc":{"start":{"line":38,"column":30},"end":{"line":41,"column":null}}},"3":{"name":"getUser","decl":{"start":{"line":44,"column":22},"end":{"line":44,"column":29}},"loc":{"start":{"line":44,"column":40},"end":{"line":47,"column":null}}}},"branchMap":{"0":{"loc":{"start":{"line":30,"column":2},"end":{"line":32,"column":3}},"type":"if","locations":[{"start":{"line":30,"column":2},"end":{"line":32,"column":3}},{"start":{},"end":{}}]}},"s":{"0":0,"1":0,"2":0,"3":0,"4":0,"5":0,"6":0,"7":0,"8":0,"9":0,"10":0,"11":0,"12":0,"13":0,"14":0,"15":0,"16":0},"f":{"0":0,"1":0,"2":0,"3":0},"b":{"0":[0,0]}}
,"C:\\Users\\Anitha\\Assignment\\SSA\\social-support-portal\\src\\api\\jsonServer.ts": {"path":"C:\\Users\\Anitha\\Assignment\\SSA\\social-support-portal\\src\\api\\jsonServer.ts","statementMap":{"0":{"start":{"line":8,"column":0},"end":{"line":8,"column":22}},"1":{"start":{"line":13,"column":0},"end":{"line":13,"column":22}},"2":{"start":{"line":18,"column":0},"end":{"line":18,"column":22}},"3":{"start":{"line":23,"column":0},"end":{"line":23,"column":22}},"4":{"start":{"line":1,"column":0},"end":{"line":1,"column":25}},"5":{"start":{"line":3,"column":0},"end":{"line":3,"column":51}},"6":{"start":{"line":6,"column":12},"end":{"line":6,"column":67}},"7":{"start":{"line":9,"column":14},"end":{"line":9,"column":54}},"8":{"start":{"line":10,"column":2},"end":{"line":10,"column":null}},"9":{"start":{"line":14,"column":14},"end":{"line":14,"column":61}},"10":{"start":{"line":15,"column":2},"end":{"line":15,"column":null}},"11":{"start":{"line":19,"column":14},"end":{"line":19,"column":50}},"12":{"start":{"line":20,"column":2},"end":{"line":20,"column":null}},"13":{"start":{"line":24,"column":14},"end":{"line":24,"column":44}},"14":{"start":{"line":25,"column":2},"end":{"line":25,"column":37}}},"fnMap":{"0":{"name":"createApplication","decl":{"start":{"line":8,"column":22},"end":{"line":8,"column":39}},"loc":{"start":{"line":8,"column":71},"end":{"line":11,"column":null}}},"1":{"name":"updateApplication","decl":{"start":{"line":13,"column":22},"end":{"line":13,"column":39}},"loc":{"start":{"line":13,"column":83},"end":{"line":16,"column":null}}},"2":{"name":"getApplication","decl":{"start":{"line":18,"column":22},"end":{"line":18,"column":36}},"loc":{"start":{"line":18,"column":47},"end":{"line":21,"column":null}}},"3":{"name":"getApplications","decl":{"start":{"line":23,"column":22},"end":{"line":23,"column":37}},"loc":{"start":{"line":23,"column":37},"end":{"line":26,"column":null}}}},"branchMap":{},"s":{"0":0,"1":0,"2":0,"3":0,"4":0,"5":0,"6":0,"7":0,"8":0,"9":0,"10":0,"11":0,"12":0,"13":0,"14":0},"f":{"0":0,"1":0,"2":0,"3":0},"b":{}}
,"C:\\Users\\Anitha\\Assignment\\SSA\\social-support-portal\\src\\components\\MultiStepForm\\AIAssistModal.tsx": {"path":"C:\\Users\\Anitha\\Assignment\\SSA\\social-support-portal\\src\\components\\MultiStepForm\\AIAssistModal.tsx","statementMap":{"0":{"start":{"line":7,"column":0},"end":{"line":7,"column":24}},"1":{"start":{"line":1,"column":0},"end":{"line":1,"column":61}},"2":{"start":{"line":2,"column":0},"end":{"line":2,"column":57}},"3":{"start":{"line":3,"column":0},"end":{"line":3,"column":46}},"4":{"start":{"line":18,"column":16},"end":{"line":18,"column":32}},"5":{"start":{"line":19,"column":38},"end":{"line":19,"column":60}},"6":{"start":{"line":20,"column":32},"end":{"line":20,"column":47}},"7":{"start":{"line":21,"column":28},"end":{"line":21,"column":57}},"8":{"start":{"line":22,"column":44},"end":{"line":22,"column":55}},"9":{"start":{"line":24,"column":2},"end":{"line":26,"column":null}},"10":{"start":{"line":25,"column":4},"end":{"line":25,"column":null}},"11":{"start":{"line":28,"column":49},"end":{"line":32,"column":null}},"12":{"start":{"line":34,"column":25},"end":{"line":57,"column":null}},"13":{"start":{"line":34,"column":36},"end":{"line":57,"column":null}},"14":{"start":{"line":35,"column":4},"end":{"line":35,"column":49}},"15":{"start":{"line":35,"column":43},"end":{"line":35,"column":49}},"16":{"start":{"line":36,"column":4},"end":{"line":36,"column":null}},"17":{"start":{"line":38,"column":4},"end":{"line":38,"column":23}},"18":{"start":{"line":38,"column":17},"end":{"line":38,"column":23}},"19":{"start":{"line":39,"column":4},"end":{"line":39,"column":null}},"20":{"start":{"line":40,"column":4},"end":{"line":40,"column":null}},"21":{"start":{"line":42,"column":4},"end":{"line":56,"column":5}},"22":{"start":{"line":43,"column":18},"end":{"line":43,"column":38}},"23":{"start":{"line":44,"column":24},"end":{"line":44,"column":47}},"24":{"start":{"line":45,"column":21},"end":{"line":47,"column":31}},"25":{"start":{"line":49,"column":19},"end":{"line":49,"column":60}},"26":{"start":{"line":50,"column":6},"end":{"line":50,"column":null}},"27":{"start":{"line":52,"column":6},"end":{"line":52,"column":null}},"28":{"start":{"line":53,"column":6},"end":{"line":53,"column":null}},"29":{"start":{"line":55,"column":6},"end":{"line":55,"column":null}},"30":{"start":{"line":59,"column":2},"end":{"line":112,"column":null}},"31":{"start":{"line":71,"column":61},"end":{"line":71,"column":90}},"32":{"start":{"line":86,"column":27},"end":{"line":86,"column":47}}},"fnMap":{"0":{"name":"AIAssistModal","decl":{"start":{"line":7,"column":24},"end":{"line":7,"column":37}},"loc":{"start":{"line":17,"column":1},"end":{"line":113,"column":1}}},"1":{"name":"(anonymous_8)","decl":{"start":{"line":24,"column":12},"end":{"line":24,"column":15}},"loc":{"start":{"line":24,"column":17},"end":{"line":26,"column":3}}},"2":{"name":"(anonymous_9)","decl":{"start":{"line":34,"column":25},"end":{"line":34,"column":34}},"loc":{"start":{"line":34,"column":36},"end":{"line":57,"column":null}}},"3":{"name":"(anonymous_10)","decl":{"start":{"line":34,"column":36},"end":{"line":34,"column":null}},"loc":{"start":{"line":34,"column":36},"end":{"line":57,"column":3}}},"4":{"name":"(anonymous_11)","decl":{"start":{"line":71,"column":20},"end":{"line":71,"column":21}},"loc":{"start":{"line":71,"column":61},"end":{"line":71,"column":90}}},"5":{"name":"(anonymous_12)","decl":{"start":{"line":86,"column":21},"end":{"line":86,"column":24}},"loc":{"start":{"line":86,"column":27},"end":{"line":86,"column":47}}}},"branchMap":{"0":{"loc":{"start":{"line":9,"column":2},"end":{"line":9,"column":19}},"type":"default-arg","locations":[{"start":{"line":9,"column":17},"end":{"line":9,"column":19}}]},"1":{"loc":{"start":{"line":35,"column":4},"end":{"line":35,"column":49}},"type":"if","locations":[{"start":{"line":35,"column":4},"end":{"line":35,"column":49}},{"start":{},"end":{}}]},"2":{"loc":{"start":{"line":38,"column":4},"end":{"line":38,"column":23}},"type":"if","locations":[{"start":{"line":38,"column":4},"end":{"line":38,"column":23}},{"start":{},"end":{}}]},"3":{"loc":{"start":{"line":44,"column":24},"end":{"line":44,"column":47}},"type":"binary-expr","locations":[{"start":{"line":44,"column":24},"end":{"line":44,"column":41}},{"start":{"line":44,"column":45},"end":{"line":44,"column":47}}]},"4":{"loc":{"start":{"line":53,"column":15},"end":{"line":53,"column":76}},"type":"cond-expr","locations":[{"start":{"line":53,"column":38},"end":{"line":53,"column":49}},{"start":{"line":53,"column":52},"end":{"line":53,"column":76}}]},"5":{"loc":{"start":{"line":75,"column":9},"end":{"line":75,"column":62}},"type":"binary-expr","locations":[{"start":{"line":75,"column":9},"end":{"line":75,"column":14}},{"start":{"line":75,"column":18},"end":{"line":75,"column":62}}]},"6":{"loc":{"start":{"line":96,"column":14},"end":{"line":96,"column":null}},"type":"cond-expr","locations":[{"start":{"line":96,"column":24},"end":{"line":96,"column":35}},{"start":{"line":96,"column":38},"end":{"line":96,"column":null}}]},"7":{"loc":{"start":{"line":100,"column":13},"end":{"line":106,"column":null}},"type":"cond-expr","locations":[{"start":{"line":101,"column":14},"end":{"line":103,"column":null}},{"start":{"line":106,"column":14},"end":{"line":106,"column":26}}]}},"s":{"0":0,"1":0,"2":0,"3":0,"4":0,"5":0,"6":0,"7":0,"8":0,"9":0,"10":0,"11":0,"12":0,"13":0,"14":0,"15":0,"16":0,"17":0,"18":0,"19":0,"20":0,"21":0,"22":0,"23":0,"24":0,"25":0,"26":0,"27":0,"28":0,"29":0,"30":0,"31":0,"32":0},"f":{"0":0,"1":0,"2":0,"3":0,"4":0,"5":0},"b":{"0":[0],"1":[0,0],"2":[0,0],"3":[0,0],"4":[0,0],"5":[0,0],"6":[0,0],"7":[0,0]}}
,"C:\\Users\\Anitha\\Assignment\\SSA\\social-support-portal\\src\\components\\MultiStepForm\\FamilyNFinancialInfo.tsx": {"path":"C:\\Users\\Anitha\\Assignment\\SSA\\social-support-portal\\src\\components\\MultiStepForm\\FamilyNFinancialInfo.tsx","statementMap":{"0":{"start":{"line":1,"column":0},"end":{"line":1,"column":66}},"1":{"start":{"line":2,"column":0},"end":{"line":2,"column":41}},"2":{"start":{"line":4,"column":0},"end":{"line":4,"column":54}},"3":{"start":{"line":5,"column":0},"end":{"line":5,"column":35}},"4":{"start":{"line":6,"column":0},"end":{"line":6,"column":46}},"5":{"start":{"line":21,"column":29},"end":{"line":128,"column":null}},"6":{"start":{"line":23,"column":18},"end":{"line":23,"column":34}},"7":{"start":{"line":32,"column":8},"end":{"line":35,"column":6}},"8":{"start":{"line":38,"column":4},"end":{"line":43,"column":null}},"9":{"start":{"line":39,"column":27},"end":{"line":41,"column":8}},"10":{"start":{"line":40,"column":8},"end":{"line":40,"column":null}},"11":{"start":{"line":42,"column":6},"end":{"line":42,"column":null}},"12":{"start":{"line":42,"column":19},"end":{"line":42,"column":45}},"13":{"start":{"line":46,"column":4},"end":{"line":57,"column":null}},"14":{"start":{"line":46,"column":36},"end":{"line":57,"column":6}},"15":{"start":{"line":47,"column":31},"end":{"line":52,"column":null}},"16":{"start":{"line":48,"column":23},"end":{"line":48,"column":80}},"17":{"start":{"line":49,"column":24},"end":{"line":49,"column":45}},"18":{"start":{"line":50,"column":8},"end":{"line":50,"column":null}},"19":{"start":{"line":50,"column":22},"end":{"line":50,"column":null}},"20":{"start":{"line":51,"column":8},"end":{"line":51,"column":null}},"21":{"start":{"line":53,"column":23},"end":{"line":53,"column":57}},"22":{"start":{"line":55,"column":8},"end":{"line":55,"column":null}},"23":{"start":{"line":59,"column":23},"end":{"line":60,"column":132}},"24":{"start":{"line":60,"column":6},"end":{"line":60,"column":132}},"25":{"start":{"line":62,"column":4},"end":{"line":127,"column":null}},"26":{"start":{"line":131,"column":0},"end":{"line":131,"column":null}}},"fnMap":{"0":{"name":"(anonymous_8)","decl":{"start":{"line":22,"column":2},"end":{"line":22,"column":3}},"loc":{"start":{"line":22,"column":47},"end":{"line":128,"column":3}}},"1":{"name":"(anonymous_9)","decl":{"start":{"line":38,"column":14},"end":{"line":38,"column":17}},"loc":{"start":{"line":38,"column":19},"end":{"line":43,"column":5}}},"2":{"name":"(anonymous_10)","decl":{"start":{"line":39,"column":33},"end":{"line":39,"column":34}},"loc":{"start":{"line":39,"column":44},"end":{"line":41,"column":7}}},"3":{"name":"(anonymous_11)","decl":{"start":{"line":42,"column":13},"end":{"line":42,"column":16}},"loc":{"start":{"line":42,"column":19},"end":{"line":42,"column":45}}},"4":{"name":"(anonymous_12)","decl":{"start":{"line":46,"column":29},"end":{"line":46,"column":32}},"loc":{"start":{"line":46,"column":36},"end":{"line":57,"column":6}}},"5":{"name":"(anonymous_13)","decl":{"start":{"line":47,"column":20},"end":{"line":47,"column":29}},"loc":{"start":{"line":47,"column":31},"end":{"line":52,"column":null}}},"6":{"name":"(anonymous_14)","decl":{"start":{"line":47,"column":31},"end":{"line":47,"column":null}},"loc":{"start":{"line":47,"column":31},"end":{"line":52,"column":7}}},"7":{"name":"(anonymous_15)","decl":{"start":{"line":53,"column":17},"end":{"line":53,"column":20}},"loc":{"start":{"line":53,"column":23},"end":{"line":53,"column":57}}},"8":{"name":"(anonymous_16)","decl":{"start":{"line":54,"column":17},"end":{"line":54,"column":18}},"loc":{"start":{"line":54,"column":50},"end":{"line":56,"column":7}}},"9":{"name":"(anonymous_17)","decl":{"start":{"line":59,"column":23},"end":{"line":59,"column":24}},"loc":{"start":{"line":60,"column":6},"end":{"line":60,"column":132}}}},"branchMap":{"0":{"loc":{"start":{"line":40,"column":8},"end":{"line":40,"column":49}},"type":"cond-expr","locations":[{"start":{"line":40,"column":16},"end":{"line":40,"column":19}},{"start":{"line":40,"column":8},"end":{"line":40,"column":49}}]},"1":{"loc":{"start":{"line":40,"column":8},"end":{"line":40,"column":19}},"type":"binary-expr","locations":[{"start":{"line":40,"column":8},"end":{"line":40,"column":19}},{"start":{"line":40,"column":8},"end":{"line":40,"column":19}}]},"2":{"loc":{"start":{"line":50,"column":8},"end":{"line":50,"column":null}},"type":"if","locations":[{"start":{"line":50,"column":8},"end":{"line":50,"column":null}},{"start":{},"end":{}}]},"3":{"loc":{"start":{"line":55,"column":14},"end":{"line":55,"column":37}},"type":"cond-expr","locations":[{"start":{"line":55,"column":14},"end":{"line":55,"column":20}},{"start":{"line":55,"column":24},"end":{"line":55,"column":37}}]},"4":{"loc":{"start":{"line":55,"column":14},"end":{"line":55,"column":24}},"type":"binary-expr","locations":[{"start":{"line":55,"column":14},"end":{"line":55,"column":24}},{"start":{"line":55,"column":14},"end":{"line":55,"column":24}}]},"5":{"loc":{"start":{"line":60,"column":28},"end":{"line":60,"column":80}},"type":"cond-expr","locations":[{"start":{"line":60,"column":44},"end":{"line":60,"column":60}},{"start":{"line":60,"column":63},"end":{"line":60,"column":80}}]},"6":{"loc":{"start":{"line":60,"column":84},"end":{"line":60,"column":130}},"type":"cond-expr","locations":[{"start":{"line":60,"column":93},"end":{"line":60,"column":125}},{"start":{"line":60,"column":128},"end":{"line":60,"column":130}}]},"7":{"loc":{"start":{"line":78,"column":11},"end":{"line":78,"column":111}},"type":"binary-expr","locations":[{"start":{"line":78,"column":11},"end":{"line":78,"column":31}},{"start":{"line":78,"column":35},"end":{"line":78,"column":111}}]},"8":{"loc":{"start":{"line":90,"column":11},"end":{"line":90,"column":105}},"type":"binary-expr","locations":[{"start":{"line":90,"column":11},"end":{"line":90,"column":28}},{"start":{"line":90,"column":32},"end":{"line":90,"column":105}}]},"9":{"loc":{"start":{"line":101,"column":11},"end":{"line":101,"column":117}},"type":"binary-expr","locations":[{"start":{"line":101,"column":11},"end":{"line":101,"column":34}},{"start":{"line":101,"column":38},"end":{"line":101,"column":117}}]},"10":{"loc":{"start":{"line":113,"column":11},"end":{"line":113,"column":111}},"type":"binary-expr","locations":[{"start":{"line":113,"column":11},"end":{"line":113,"column":31}},{"start":{"line":113,"column":35},"end":{"line":113,"column":111}}]},"11":{"loc":{"start":{"line":124,"column":11},"end":{"line":124,"column":111}},"type":"binary-expr","locations":[{"start":{"line":124,"column":11},"end":{"line":124,"column":31}},{"start":{"line":124,"column":35},"end":{"line":124,"column":111}}]}},"s":{"0":0,"1":0,"2":0,"3":0,"4":0,"5":0,"6":0,"7":0,"8":0,"9":0,"10":0,"11":0,"12":0,"13":0,"14":0,"15":0,"16":0,"17":0,"18":0,"19":0,"20":0,"21":0,"22":0,"23":0,"24":0,"25":0,"26":0},"f":{"0":0,"1":0,"2":0,"3":0,"4":0,"5":0,"6":0,"7":0,"8":0,"9":0},"b":{"0":[0,0],"1":[0,0],"2":[0,0],"3":[0,0],"4":[0,0],"5":[0,0],"6":[0,0],"7":[0,0],"8":[0,0],"9":[0,0],"10":[0,0],"11":[0,0]}}
,"C:\\Users\\Anitha\\Assignment\\SSA\\social-support-portal\\src\\components\\MultiStepForm\\FormFooter.tsx": {"path":"C:\\Users\\Anitha\\Assignment\\SSA\\social-support-portal\\src\\components\\MultiStepForm\\FormFooter.tsx","statementMap":{"0":{"start":{"line":14,"column":0},"end":{"line":14,"column":24}},"1":{"start":{"line":1,"column":0},"end":{"line":1,"column":41}},"2":{"start":{"line":2,"column":0},"end":{"line":2,"column":47}},"3":{"start":{"line":3,"column":0},"end":{"line":3,"column":37}},"4":{"start":{"line":4,"column":0},"end":{"line":4,"column":46}},"5":{"start":{"line":15,"column":19},"end":{"line":15,"column":32}},"6":{"start":{"line":16,"column":16},"end":{"line":16,"column":32}},"7":{"start":{"line":18,"column":21},"end":{"line":20,"column":3}},"8":{"start":{"line":19,"column":4},"end":{"line":19,"column":null}},"9":{"start":{"line":22,"column":21},"end":{"line":35,"column":null}},"10":{"start":{"line":22,"column":32},"end":{"line":35,"column":null}},"11":{"start":{"line":23,"column":27},"end":{"line":23,"column":55}},"12":{"start":{"line":24,"column":4},"end":{"line":27,"column":5}},"13":{"start":{"line":25,"column":22},"end":{"line":25,"column":57}},"14":{"start":{"line":26,"column":6},"end":{"line":26,"column":26}},"15":{"start":{"line":26,"column":20},"end":{"line":26,"column":26}},"16":{"start":{"line":29,"column":4},"end":{"line":32,"column":5}},"17":{"start":{"line":30,"column":6},"end":{"line":30,"column":null}},"18":{"start":{"line":30,"column":23},"end":{"line":30,"column":null}},"19":{"start":{"line":31,"column":6},"end":{"line":31,"column":12}},"20":{"start":{"line":34,"column":4},"end":{"line":34,"column":null}},"21":{"start":{"line":37,"column":21},"end":{"line":37,"column":31}},"22":{"start":{"line":39,"column":22},"end":{"line":44,"column":7}},"23":{"start":{"line":40,"column":4},"end":{"line":44,"column":7}},"24":{"start":{"line":46,"column":2},"end":{"line":76,"column":null}},"25":{"start":{"line":49,"column":26},"end":{"line":49,"column":44}},"26":{"start":{"line":50,"column":22},"end":{"line":50,"column":41}}},"fnMap":{"0":{"name":"FormFooter","decl":{"start":{"line":14,"column":24},"end":{"line":14,"column":34}},"loc":{"start":{"line":14,"column":109},"end":{"line":77,"column":1}}},"1":{"name":"(anonymous_9)","decl":{"start":{"line":18,"column":21},"end":{"line":18,"column":24}},"loc":{"start":{"line":18,"column":26},"end":{"line":20,"column":3}}},"2":{"name":"(anonymous_10)","decl":{"start":{"line":22,"column":21},"end":{"line":22,"column":30}},"loc":{"start":{"line":22,"column":32},"end":{"line":35,"column":null}}},"3":{"name":"(anonymous_11)","decl":{"start":{"line":22,"column":32},"end":{"line":22,"column":null}},"loc":{"start":{"line":22,"column":32},"end":{"line":35,"column":3}}},"4":{"name":"(anonymous_12)","decl":{"start":{"line":39,"column":22},"end":{"line":39,"column":23}},"loc":{"start":{"line":40,"column":4},"end":{"line":44,"column":7}}},"5":{"name":"(anonymous_13)","decl":{"start":{"line":49,"column":19},"end":{"line":49,"column":20}},"loc":{"start":{"line":49,"column":26},"end":{"line":49,"column":44}}},"6":{"name":"(anonymous_14)","decl":{"start":{"line":50,"column":15},"end":{"line":50,"column":16}},"loc":{"start":{"line":50,"column":22},"end":{"line":50,"column":41}}}},"branchMap":{"0":{"loc":{"start":{"line":14,"column":75},"end":{"line":14,"column":90}},"type":"default-arg","locations":[{"start":{"line":14,"column":85},"end":{"line":14,"column":90}}]},"1":{"loc":{"start":{"line":23,"column":27},"end":{"line":23,"column":55}},"type":"cond-expr","locations":[{"start":{"line":23,"column":46},"end":{"line":23,"column":48}},{"start":{"line":23,"column":46},"end":{"line":23,"column":55}}]},"2":{"loc":{"start":{"line":23,"column":27},"end":{"line":23,"column":48}},"type":"binary-expr","locations":[{"start":{"line":23,"column":27},"end":{"line":23,"column":48}},{"start":{"line":23,"column":46},"end":{"line":23,"column":48}}]},"3":{"loc":{"start":{"line":24,"column":4},"end":{"line":27,"column":5}},"type":"if","locations":[{"start":{"line":24,"column":4},"end":{"line":27,"column":5}},{"start":{},"end":{}}]},"4":{"loc":{"start":{"line":26,"column":6},"end":{"line":26,"column":26}},"type":"if","locations":[{"start":{"line":26,"column":6},"end":{"line":26,"column":26}},{"start":{},"end":{}}]},"5":{"loc":{"start":{"line":29,"column":4},"end":{"line":32,"column":5}},"type":"if","locations":[{"start":{"line":29,"column":4},"end":{"line":32,"column":5}},{"start":{},"end":{}}]},"6":{"loc":{"start":{"line":30,"column":6},"end":{"line":30,"column":null}},"type":"if","locations":[{"start":{"line":30,"column":6},"end":{"line":30,"column":null}},{"start":{},"end":{}}]},"7":{"loc":{"start":{"line":41,"column":7},"end":{"line":43,"column":null}},"type":"cond-expr","locations":[{"start":{"line":42,"column":9},"end":{"line":42,"column":41}},{"start":{"line":43,"column":9},"end":{"line":43,"column":null}}]},"8":{"loc":{"start":{"line":56,"column":20},"end":{"line":56,"column":41}},"type":"binary-expr","locations":[{"start":{"line":56,"column":20},"end":{"line":56,"column":30}},{"start":{"line":56,"column":34},"end":{"line":56,"column":41}}]},"9":{"loc":{"start":{"line":57,"column":33},"end":{"line":57,"column":54}},"type":"binary-expr","locations":[{"start":{"line":57,"column":33},"end":{"line":57,"column":43}},{"start":{"line":57,"column":47},"end":{"line":57,"column":54}}]},"10":{"loc":{"start":{"line":68,"column":11},"end":{"line":68,"column":55}},"type":"binary-expr","locations":[{"start":{"line":68,"column":11},"end":{"line":68,"column":18}},{"start":{"line":68,"column":22},"end":{"line":68,"column":55}}]},"11":{"loc":{"start":{"line":69,"column":11},"end":{"line":71,"column":74}},"type":"cond-expr","locations":[{"start":{"line":70,"column":15},"end":{"line":70,"column":83}},{"start":{"line":71,"column":15},"end":{"line":71,"column":73}}]},"12":{"loc":{"start":{"line":70,"column":15},"end":{"line":70,"column":83}},"type":"cond-expr","locations":[{"start":{"line":70,"column":28},"end":{"line":70,"column":54}},{"start":{"line":70,"column":57},"end":{"line":70,"column":83}}]},"13":{"loc":{"start":{"line":71,"column":15},"end":{"line":71,"column":73}},"type":"cond-expr","locations":[{"start":{"line":71,"column":28},"end":{"line":71,"column":50}},{"start":{"line":71,"column":53},"end":{"line":71,"column":73}}]}},"s":{"0":0,"1":0,"2":0,"3":0,"4":0,"5":0,"6":0,"7":0,"8":0,"9":0,"10":0,"11":0,"12":0,"13":0,"14":0,"15":0,"16":0,"17":0,"18":0,"19":0,"20":0,"21":0,"22":0,"23":0,"24":0,"25":0,"26":0},"f":{"0":0,"1":0,"2":0,"3":0,"4":0,"5":0,"6":0},"b":{"0":[0],"1":[0,0],"2":[0,0],"3":[0,0],"4":[0,0],"5":[0,0],"6":[0,0],"7":[0,0],"8":[0,0],"9":[0,0],"10":[0,0],"11":[0,0],"12":[0,0],"13":[0,0]}}
,"C:\\Users\\Anitha\\Assignment\\SSA\\social-support-portal\\src\\components\\MultiStepForm\\Header.tsx": {"path":"C:\\Users\\Anitha\\Assignment\\SSA\\social-support-portal\\src\\components\\MultiStepForm\\Header.tsx","statementMap":{"0":{"start":{"line":8,"column":0},"end":{"line":8,"column":24}},"1":{"start":{"line":1,"column":0},"end":{"line":1,"column":46}},"2":{"start":{"line":9,"column":16},"end":{"line":9,"column":32}},"3":{"start":{"line":10,"column":2},"end":{"line":16,"column":null}}},"fnMap":{"0":{"name":"Header","decl":{"start":{"line":8,"column":24},"end":{"line":8,"column":30}},"loc":{"start":{"line":8,"column":63},"end":{"line":17,"column":1}}}},"branchMap":{"0":{"loc":{"start":{"line":13,"column":9},"end":{"line":13,"column":39}},"type":"cond-expr","locations":[{"start":{"line":13,"column":20},"end":{"line":13,"column":31}},{"start":{"line":13,"column":34},"end":{"line":13,"column":39}}]}},"s":{"0":0,"1":0,"2":0,"3":0},"f":{"0":0},"b":{"0":[0,0]}}
,"C:\\Users\\Anitha\\Assignment\\SSA\\social-support-portal\\src\\components\\MultiStepForm\\PersonalInfo.tsx": {"path":"C:\\Users\\Anitha\\Assignment\\SSA\\social-support-portal\\src\\components\\MultiStepForm\\PersonalInfo.tsx","statementMap":{"0":{"start":{"line":1,"column":0},"end":{"line":1,"column":67}},"1":{"start":{"line":2,"column":0},"end":{"line":2,"column":42}},"2":{"start":{"line":4,"column":0},"end":{"line":4,"column":77}},"3":{"start":{"line":5,"column":0},"end":{"line":5,"column":78}},"4":{"start":{"line":6,"column":0},"end":{"line":6,"column":55}},"5":{"start":{"line":7,"column":0},"end":{"line":7,"column":36}},"6":{"start":{"line":8,"column":0},"end":{"line":8,"column":47}},"7":{"start":{"line":22,"column":21},"end":{"line":177,"column":null}},"8":{"start":{"line":24,"column":18},"end":{"line":24,"column":34}},"9":{"start":{"line":34,"column":8},"end":{"line":37,"column":6}},"10":{"start":{"line":40,"column":4},"end":{"line":48,"column":26}},"11":{"start":{"line":41,"column":27},"end":{"line":46,"column":8}},"12":{"start":{"line":42,"column":8},"end":{"line":45,"column":31}},"13":{"start":{"line":47,"column":6},"end":{"line":47,"column":46}},"14":{"start":{"line":47,"column":19},"end":{"line":47,"column":45}},"15":{"start":{"line":51,"column":4},"end":{"line":62,"column":8}},"16":{"start":{"line":51,"column":36},"end":{"line":62,"column":6}},"17":{"start":{"line":52,"column":31},"end":{"line":57,"column":null}},"18":{"start":{"line":53,"column":23},"end":{"line":53,"column":77}},"19":{"start":{"line":54,"column":24},"end":{"line":54,"column":45}},"20":{"start":{"line":55,"column":8},"end":{"line":55,"column":68}},"21":{"start":{"line":55,"column":22},"end":{"line":55,"column":68}},"22":{"start":{"line":56,"column":8},"end":{"line":56,"column":23}},"23":{"start":{"line":58,"column":23},"end":{"line":58,"column":54}},"24":{"start":{"line":60,"column":8},"end":{"line":60,"column":39}},"25":{"start":{"line":64,"column":23},"end":{"line":67,"column":8}},"26":{"start":{"line":65,"column":6},"end":{"line":67,"column":8}},"27":{"start":{"line":69,"column":35},"end":{"line":75,"column":5}},"28":{"start":{"line":70,"column":6},"end":{"line":70,"column":25}},"29":{"start":{"line":70,"column":18},"end":{"line":70,"column":25}},"30":{"start":{"line":71,"column":20},"end":{"line":71,"column":66}},"31":{"start":{"line":72,"column":24},"end":{"line":72,"column":47}},"32":{"start":{"line":73,"column":6},"end":{"line":73,"column":40}},"33":{"start":{"line":74,"column":6},"end":{"line":74,"column":28}},"34":{"start":{"line":77,"column":28},"end":{"line":82,"column":5}},"35":{"start":{"line":78,"column":6},"end":{"line":78,"column":25}},"36":{"start":{"line":78,"column":18},"end":{"line":78,"column":25}},"37":{"start":{"line":79,"column":22},"end":{"line":79,"column":89}},"38":{"start":{"line":80,"column":6},"end":{"line":80,"column":31}},"39":{"start":{"line":81,"column":6},"end":{"line":81,"column":21}},"40":{"start":{"line":84,"column":4},"end":{"line":176,"column":6}},"41":{"start":{"line":106,"column":16},"end":{"line":106,"column":82}},"42":{"start":{"line":180,"column":0},"end":{"line":180,"column":28}}},"fnMap":{"0":{"name":"(anonymous_8)","decl":{"start":{"line":23,"column":2},"end":{"line":23,"column":3}},"loc":{"start":{"line":23,"column":55},"end":{"line":177,"column":3}}},"1":{"name":"(anonymous_9)","decl":{"start":{"line":40,"column":14},"end":{"line":40,"column":17}},"loc":{"start":{"line":40,"column":19},"end":{"line":48,"column":5}}},"2":{"name":"(anonymous_10)","decl":{"start":{"line":41,"column":33},"end":{"line":41,"column":34}},"loc":{"start":{"line":41,"column":44},"end":{"line":46,"column":7}}},"3":{"name":"(anonymous_11)","decl":{"start":{"line":47,"column":13},"end":{"line":47,"column":16}},"loc":{"start":{"line":47,"column":19},"end":{"line":47,"column":45}}},"4":{"name":"(anonymous_12)","decl":{"start":{"line":51,"column":29},"end":{"line":51,"column":32}},"loc":{"start":{"line":51,"column":36},"end":{"line":62,"column":6}}},"5":{"name":"(anonymous_13)","decl":{"start":{"line":52,"column":20},"end":{"line":52,"column":29}},"loc":{"start":{"line":52,"column":31},"end":{"line":57,"column":null}}},"6":{"name":"(anonymous_14)","decl":{"start":{"line":52,"column":31},"end":{"line":52,"column":null}},"loc":{"start":{"line":52,"column":31},"end":{"line":57,"column":7}}},"7":{"name":"(anonymous_15)","decl":{"start":{"line":58,"column":17},"end":{"line":58,"column":20}},"loc":{"start":{"line":58,"column":23},"end":{"line":58,"column":54}}},"8":{"name":"(anonymous_16)","decl":{"start":{"line":59,"column":17},"end":{"line":59,"column":18}},"loc":{"start":{"line":59,"column":47},"end":{"line":61,"column":7}}},"9":{"name":"(anonymous_17)","decl":{"start":{"line":64,"column":23},"end":{"line":64,"column":24}},"loc":{"start":{"line":65,"column":6},"end":{"line":67,"column":8}}},"10":{"name":"(anonymous_18)","decl":{"start":{"line":69,"column":35},"end":{"line":69,"column":36}},"loc":{"start":{"line":69,"column":78},"end":{"line":75,"column":5}}},"11":{"name":"(anonymous_19)","decl":{"start":{"line":77,"column":28},"end":{"line":77,"column":29}},"loc":{"start":{"line":77,"column":53},"end":{"line":82,"column":5}}},"12":{"name":"(anonymous_20)","decl":{"start":{"line":105,"column":24},"end":{"line":105,"column":25}},"loc":{"start":{"line":106,"column":16},"end":{"line":106,"column":82}}}},"branchMap":{"0":{"loc":{"start":{"line":23,"column":30},"end":{"line":23,"column":44}},"type":"default-arg","locations":[{"start":{"line":23,"column":39},"end":{"line":23,"column":44}}]},"1":{"loc":{"start":{"line":36,"column":21},"end":{"line":36,"column":40}},"type":"cond-expr","locations":[{"start":{"line":36,"column":21},"end":{"line":36,"column":34}},{"start":{"line":36,"column":38},"end":{"line":36,"column":40}}]},"2":{"loc":{"start":{"line":36,"column":21},"end":{"line":36,"column":38}},"type":"binary-expr","locations":[{"start":{"line":36,"column":21},"end":{"line":36,"column":38}},{"start":{"line":36,"column":21},"end":{"line":36,"column":38}}]},"3":{"loc":{"start":{"line":42,"column":8},"end":{"line":45,"column":30}},"type":"cond-expr","locations":[{"start":{"line":42,"column":16},"end":{"line":42,"column":19}},{"start":{"line":42,"column":8},"end":{"line":45,"column":30}}]},"4":{"loc":{"start":{"line":42,"column":8},"end":{"line":42,"column":19}},"type":"binary-expr","locations":[{"start":{"line":42,"column":8},"end":{"line":42,"column":19}},{"start":{"line":42,"column":8},"end":{"line":42,"column":19}}]},"5":{"loc":{"start":{"line":44,"column":15},"end":{"line":44,"column":81}},"type":"cond-expr","locations":[{"start":{"line":44,"column":28},"end":{"line":44,"column":76}},{"start":{"line":44,"column":79},"end":{"line":44,"column":81}}]},"6":{"loc":{"start":{"line":55,"column":8},"end":{"line":55,"column":68}},"type":"if","locations":[{"start":{"line":55,"column":8},"end":{"line":55,"column":68}},{"start":{},"end":{}}]},"7":{"loc":{"start":{"line":60,"column":14},"end":{"line":60,"column":37}},"type":"cond-expr","locations":[{"start":{"line":60,"column":14},"end":{"line":60,"column":20}},{"start":{"line":60,"column":24},"end":{"line":60,"column":37}}]},"8":{"loc":{"start":{"line":60,"column":14},"end":{"line":60,"column":24}},"type":"binary-expr","locations":[{"start":{"line":60,"column":14},"end":{"line":60,"column":24}},{"start":{"line":60,"column":14},"end":{"line":60,"column":24}}]},"9":{"loc":{"start":{"line":65,"column":28},"end":{"line":65,"column":80}},"type":"cond-expr","locations":[{"start":{"line":65,"column":44},"end":{"line":65,"column":60}},{"start":{"line":65,"column":63},"end":{"line":65,"column":80}}]},"10":{"loc":{"start":{"line":66,"column":8},"end":{"line":66,"column":null}},"type":"cond-expr","locations":[{"start":{"line":66,"column":17},"end":{"line":66,"column":49}},{"start":{"line":66,"column":52},"end":{"line":66,"column":null}}]},"11":{"loc":{"start":{"line":70,"column":6},"end":{"line":70,"column":25}},"type":"if","locations":[{"start":{"line":70,"column":6},"end":{"line":70,"column":25}},{"start":{},"end":{}}]},"12":{"loc":{"start":{"line":78,"column":6},"end":{"line":78,"column":25}},"type":"if","locations":[{"start":{"line":78,"column":6},"end":{"line":78,"column":25}},{"start":{},"end":{}}]},"13":{"loc":{"start":{"line":79,"column":22},"end":{"line":79,"column":89}},"type":"cond-expr","locations":[{"start":{"line":79,"column":41},"end":{"line":79,"column":84}},{"start":{"line":79,"column":87},"end":{"line":79,"column":89}}]},"14":{"loc":{"start":{"line":79,"column":22},"end":{"line":79,"column":38}},"type":"cond-expr","locations":[{"start":{"line":79,"column":27},"end":{"line":79,"column":29}},{"start":{"line":79,"column":22},"end":{"line":79,"column":38}}]},"15":{"loc":{"start":{"line":79,"column":22},"end":{"line":79,"column":29}},"type":"binary-expr","locations":[{"start":{"line":79,"column":22},"end":{"line":79,"column":29}},{"start":{"line":79,"column":22},"end":{"line":79,"column":29}}]},"16":{"loc":{"start":{"line":94,"column":11},"end":{"line":95,"column":null}},"type":"binary-expr","locations":[{"start":{"line":94,"column":11},"end":{"line":94,"column":22}},{"start":{"line":95,"column":12},"end":{"line":95,"column":79}}]},"17":{"loc":{"start":{"line":106,"column":16},"end":{"line":106,"column":82}},"type":"binary-expr","locations":[{"start":{"line":106,"column":16},"end":{"line":106,"column":28}},{"start":{"line":106,"column":32},"end":{"line":106,"column":56}},{"start":{"line":106,"column":60},"end":{"line":106,"column":82}}]},"18":{"loc":{"start":{"line":114,"column":11},"end":{"line":115,"column":null}},"type":"binary-expr","locations":[{"start":{"line":114,"column":11},"end":{"line":114,"column":28}},{"start":{"line":115,"column":12},"end":{"line":115,"column":85}}]},"19":{"loc":{"start":{"line":127,"column":27},"end":{"line":127,"column":79}},"type":"cond-expr","locations":[{"start":{"line":127,"column":46},"end":{"line":127,"column":72}},{"start":{"line":127,"column":75},"end":{"line":127,"column":79}}]},"20":{"loc":{"start":{"line":128,"column":25},"end":{"line":128,"column":77}},"type":"cond-expr","locations":[{"start":{"line":128,"column":44},"end":{"line":128,"column":70}},{"start":{"line":128,"column":73},"end":{"line":128,"column":77}}]},"21":{"loc":{"start":{"line":138,"column":11},"end":{"line":139,"column":null}},"type":"binary-expr","locations":[{"start":{"line":138,"column":11},"end":{"line":138,"column":21}},{"start":{"line":139,"column":12},"end":{"line":139,"column":78}}]},"22":{"loc":{"start":{"line":158,"column":11},"end":{"line":159,"column":null}},"type":"binary-expr","locations":[{"start":{"line":158,"column":11},"end":{"line":158,"column":24}},{"start":{"line":159,"column":12},"end":{"line":159,"column":81}}]},"23":{"loc":{"start":{"line":171,"column":11},"end":{"line":172,"column":null}},"type":"binary-expr","locations":[{"start":{"line":171,"column":11},"end":{"line":171,"column":25}},{"start":{"line":172,"column":12},"end":{"line":172,"column":82}}]}},"s":{"0":0,"1":0,"2":0,"3":0,"4":0,"5":0,"6":0,"7":0,"8":0,"9":0,"10":0,"11":0,"12":0,"13":0,"14":0,"15":0,"16":0,"17":0,"18":0,"19":0,"20":0,"21":0,"22":0,"23":0,"24":0,"25":0,"26":0,"27":0,"28":0,"29":0,"30":0,"31":0,"32":0,"33":0,"34":0,"35":0,"36":0,"37":0,"38":0,"39":0,"40":0,"41":0,"42":0},"f":{"0":0,"1":0,"2":0,"3":0,"4":0,"5":0,"6":0,"7":0,"8":0,"9":0,"10":0,"11":0,"12":0},"b":{"0":[0],"1":[0,0],"2":[0,0],"3":[0,0],"4":[0,0],"5":[0,0],"6":[0,0],"7":[0,0],"8":[0,0],"9":[0,0],"10":[0,0],"11":[0,0],"12":[0,0],"13":[0,0],"14":[0,0],"15":[0,0],"16":[0,0],"17":[0,0,0],"18":[0,0],"19":[0,0],"20":[0,0],"21":[0,0],"22":[0,0],"23":[0,0]}}
,"C:\\Users\\Anitha\\Assignment\\SSA\\social-support-portal\\src\\components\\MultiStepForm\\ProgressBar.tsx": {"path":"C:\\Users\\Anitha\\Assignment\\SSA\\social-support-portal\\src\\components\\MultiStepForm\\ProgressBar.tsx","statementMap":{"0":{"start":{"line":8,"column":0},"end":{"line":8,"column":24}},"1":{"start":{"line":1,"column":0},"end":{"line":1,"column":47}},"2":{"start":{"line":9,"column":16},"end":{"line":9,"column":32}},"3":{"start":{"line":11,"column":16},"end":{"line":11,"column":25}},"4":{"start":{"line":12,"column":21},"end":{"line":16,"column":4}},"5":{"start":{"line":18,"column":2},"end":{"line":66,"column":4}},"6":{"start":{"line":30,"column":30},"end":{"line":30,"column":62}},"7":{"start":{"line":32,"column":33},"end":{"line":32,"column":43}},"8":{"start":{"line":33,"column":33},"end":{"line":33,"column":65}},"9":{"start":{"line":35,"column":10},"end":{"line":55,"column":12}},"10":{"start":{"line":62,"column":10},"end":{"line":62,"column":27}}},"fnMap":{"0":{"name":"ProgressBar","decl":{"start":{"line":8,"column":24},"end":{"line":8,"column":35}},"loc":{"start":{"line":8,"column":81},"end":{"line":67,"column":1}}},"1":{"name":"(anonymous_1)","decl":{"start":{"line":29,"column":19},"end":{"line":29,"column":20}},"loc":{"start":{"line":29,"column":30},"end":{"line":56,"column":9}}},"2":{"name":"(anonymous_2)","decl":{"start":{"line":61,"column":24},"end":{"line":61,"column":25}},"loc":{"start":{"line":62,"column":10},"end":{"line":62,"column":27}}}},"branchMap":{"0":{"loc":{"start":{"line":44,"column":18},"end":{"line":44,"column":null}},"type":"cond-expr","locations":[{"start":{"line":44,"column":35},"end":{"line":44,"column":54}},{"start":{"line":44,"column":57},"end":{"line":44,"column":null}}]},"1":{"loc":{"start":{"line":50,"column":20},"end":{"line":50,"column":null}},"type":"cond-expr","locations":[{"start":{"line":50,"column":37},"end":{"line":50,"column":52}},{"start":{"line":50,"column":55},"end":{"line":50,"column":null}}]}},"s":{"0":0,"1":0,"2":0,"3":0,"4":0,"5":0,"6":0,"7":0,"8":0,"9":0,"10":0},"f":{"0":0,"1":0,"2":0},"b":{"0":[0,0],"1":[0,0]}}
,"C:\\Users\\Anitha\\Assignment\\SSA\\social-support-portal\\src\\components\\MultiStepForm\\SituationDescriptions.tsx": {"path":"C:\\Users\\Anitha\\Assignment\\SSA\\social-support-portal\\src\\components\\MultiStepForm\\SituationDescriptions.tsx","statementMap":{"0":{"start":{"line":1,"column":0},"end":{"line":1,"column":77}},"1":{"start":{"line":2,"column":0},"end":{"line":2,"column":54}},"2":{"start":{"line":3,"column":0},"end":{"line":3,"column":44}},"3":{"start":{"line":5,"column":0},"end":{"line":5,"column":55}},"4":{"start":{"line":6,"column":0},"end":{"line":6,"column":36}},"5":{"start":{"line":7,"column":0},"end":{"line":7,"column":47}},"6":{"start":{"line":8,"column":0},"end":{"line":8,"column":37}},"7":{"start":{"line":22,"column":34},"end":{"line":142,"column":2}},"8":{"start":{"line":26,"column":16},"end":{"line":26,"column":32}},"9":{"start":{"line":36,"column":6},"end":{"line":39,"column":4}},"10":{"start":{"line":41,"column":32},"end":{"line":41,"column":82}},"11":{"start":{"line":44,"column":2},"end":{"line":47,"column":24}},"12":{"start":{"line":45,"column":25},"end":{"line":45,"column":87}},"13":{"start":{"line":45,"column":43},"end":{"line":45,"column":86}},"14":{"start":{"line":46,"column":4},"end":{"line":46,"column":44}},"15":{"start":{"line":46,"column":17},"end":{"line":46,"column":43}},"16":{"start":{"line":50,"column":2},"end":{"line":61,"column":6}},"17":{"start":{"line":50,"column":34},"end":{"line":61,"column":4}},"18":{"start":{"line":51,"column":29},"end":{"line":56,"column":null}},"19":{"start":{"line":52,"column":21},"end":{"line":52,"column":80}},"20":{"start":{"line":53,"column":22},"end":{"line":53,"column":43}},"21":{"start":{"line":54,"column":6},"end":{"line":54,"column":66}},"22":{"start":{"line":54,"column":20},"end":{"line":54,"column":66}},"23":{"start":{"line":55,"column":6},"end":{"line":55,"column":21}},"24":{"start":{"line":57,"column":21},"end":{"line":57,"column":57}},"25":{"start":{"line":59,"column":6},"end":{"line":59,"column":37}},"26":{"start":{"line":63,"column":24},"end":{"line":66,"column":56}},"27":{"start":{"line":64,"column":4},"end":{"line":66,"column":56}},"28":{"start":{"line":68,"column":50},"end":{"line":72,"column":4}},"29":{"start":{"line":74,"column":19},"end":{"line":85,"column":3}},"30":{"start":{"line":75,"column":4},"end":{"line":84,"column":5}},"31":{"start":{"line":77,"column":8},"end":{"line":77,"column":39}},"32":{"start":{"line":79,"column":8},"end":{"line":79,"column":44}},"33":{"start":{"line":81,"column":8},"end":{"line":81,"column":38}},"34":{"start":{"line":83,"column":8},"end":{"line":83,"column":21}},"35":{"start":{"line":87,"column":2},"end":{"line":141,"column":4}},"36":{"start":{"line":91,"column":10},"end":{"line":92,"column":null}},"37":{"start":{"line":96,"column":52},"end":{"line":124,"column":null}},"38":{"start":{"line":115,"column":37},"end":{"line":115,"column":54}},"39":{"start":{"line":133,"column":25},"end":{"line":133,"column":41}},"40":{"start":{"line":135,"column":12},"end":{"line":135,"column":43}},"41":{"start":{"line":136,"column":12},"end":{"line":136,"column":29}},"42":{"start":{"line":144,"column":0},"end":{"line":144,"column":41}}},"fnMap":{"0":{"name":"(anonymous_8)","decl":{"start":{"line":25,"column":2},"end":{"line":25,"column":3}},"loc":{"start":{"line":25,"column":47},"end":{"line":142,"column":1}}},"1":{"name":"(anonymous_9)","decl":{"start":{"line":44,"column":12},"end":{"line":44,"column":15}},"loc":{"start":{"line":44,"column":17},"end":{"line":47,"column":3}}},"2":{"name":"(anonymous_10)","decl":{"start":{"line":45,"column":31},"end":{"line":45,"column":32}},"loc":{"start":{"line":45,"column":43},"end":{"line":45,"column":86}}},"3":{"name":"(anonymous_11)","decl":{"start":{"line":46,"column":11},"end":{"line":46,"column":14}},"loc":{"start":{"line":46,"column":17},"end":{"line":46,"column":43}}},"4":{"name":"(anonymous_12)","decl":{"start":{"line":50,"column":27},"end":{"line":50,"column":30}},"loc":{"start":{"line":50,"column":34},"end":{"line":61,"column":4}}},"5":{"name":"(anonymous_13)","decl":{"start":{"line":51,"column":18},"end":{"line":51,"column":27}},"loc":{"start":{"line":51,"column":29},"end":{"line":56,"column":null}}},"6":{"name":"(anonymous_14)","decl":{"start":{"line":51,"column":29},"end":{"line":51,"column":null}},"loc":{"start":{"line":51,"column":29},"end":{"line":56,"column":5}}},"7":{"name":"(anonymous_15)","decl":{"start":{"line":57,"column":15},"end":{"line":57,"column":18}},"loc":{"start":{"line":57,"column":21},"end":{"line":57,"column":57}}},"8":{"name":"(anonymous_16)","decl":{"start":{"line":58,"column":15},"end":{"line":58,"column":16}},"loc":{"start":{"line":58,"column":50},"end":{"line":60,"column":5}}},"9":{"name":"(anonymous_17)","decl":{"start":{"line":63,"column":24},"end":{"line":63,"column":25}},"loc":{"start":{"line":64,"column":4},"end":{"line":66,"column":56}}},"10":{"name":"(anonymous_18)","decl":{"start":{"line":74,"column":19},"end":{"line":74,"column":20}},"loc":{"start":{"line":74,"column":58},"end":{"line":85,"column":3}}},"11":{"name":"(anonymous_19)","decl":{"start":{"line":90,"column":20},"end":{"line":90,"column":21}},"loc":{"start":{"line":91,"column":10},"end":{"line":92,"column":null}}},"12":{"name":"(anonymous_20)","decl":{"start":{"line":96,"column":20},"end":{"line":96,"column":21}},"loc":{"start":{"line":96,"column":51},"end":{"line":124,"column":null}}},"13":{"name":"(anonymous_21)","decl":{"start":{"line":115,"column":31},"end":{"line":115,"column":34}},"loc":{"start":{"line":115,"column":37},"end":{"line":115,"column":54}}},"14":{"name":"(anonymous_22)","decl":{"start":{"line":133,"column":19},"end":{"line":133,"column":22}},"loc":{"start":{"line":133,"column":25},"end":{"line":133,"column":41}}},"15":{"name":"(anonymous_23)","decl":{"start":{"line":134,"column":20},"end":{"line":134,"column":21}},"loc":{"start":{"line":134,"column":43},"end":{"line":137,"column":11}}}},"branchMap":{"0":{"loc":{"start":{"line":45,"column":43},"end":{"line":45,"column":86}},"type":"cond-expr","locations":[{"start":{"line":45,"column":51},"end":{"line":45,"column":54}},{"start":{"line":45,"column":43},"end":{"line":45,"column":86}}]},"1":{"loc":{"start":{"line":45,"column":43},"end":{"line":45,"column":54}},"type":"binary-expr","locations":[{"start":{"line":45,"column":43},"end":{"line":45,"column":54}},{"start":{"line":45,"column":43},"end":{"line":45,"column":54}}]},"2":{"loc":{"start":{"line":54,"column":6},"end":{"line":54,"column":66}},"type":"if","locations":[{"start":{"line":54,"column":6},"end":{"line":54,"column":66}},{"start":{},"end":{}}]},"3":{"loc":{"start":{"line":59,"column":12},"end":{"line":59,"column":35}},"type":"cond-expr","locations":[{"start":{"line":59,"column":12},"end":{"line":59,"column":18}},{"start":{"line":59,"column":22},"end":{"line":59,"column":35}}]},"4":{"loc":{"start":{"line":59,"column":12},"end":{"line":59,"column":22}},"type":"binary-expr","locations":[{"start":{"line":59,"column":12},"end":{"line":59,"column":22}},{"start":{"line":59,"column":12},"end":{"line":59,"column":22}}]},"5":{"loc":{"start":{"line":65,"column":6},"end":{"line":65,"column":null}},"type":"cond-expr","locations":[{"start":{"line":65,"column":22},"end":{"line":65,"column":38}},{"start":{"line":65,"column":41},"end":{"line":65,"column":null}}]},"6":{"loc":{"start":{"line":66,"column":8},"end":{"line":66,"column":54}},"type":"cond-expr","locations":[{"start":{"line":66,"column":17},"end":{"line":66,"column":49}},{"start":{"line":66,"column":52},"end":{"line":66,"column":54}}]},"7":{"loc":{"start":{"line":75,"column":4},"end":{"line":84,"column":5}},"type":"switch","locations":[{"start":{"line":76,"column":6},"end":{"line":77,"column":39}},{"start":{"line":78,"column":6},"end":{"line":79,"column":44}},{"start":{"line":80,"column":6},"end":{"line":81,"column":38}},{"start":{"line":82,"column":6},"end":{"line":83,"column":21}}]},"8":{"loc":{"start":{"line":106,"column":19},"end":{"line":109,"column":null}},"type":"cond-expr","locations":[{"start":{"line":107,"column":20},"end":{"line":107,"column":90}},{"start":{"line":109,"column":20},"end":{"line":109,"column":28}}]},"9":{"loc":{"start":{"line":107,"column":60},"end":{"line":107,"column":82}},"type":"cond-expr","locations":[{"start":{"line":107,"column":73},"end":{"line":107,"column":75}},{"start":{"line":107,"column":73},"end":{"line":107,"column":82}}]},"10":{"loc":{"start":{"line":107,"column":60},"end":{"line":107,"column":75}},"type":"binary-expr","locations":[{"start":{"line":107,"column":60},"end":{"line":107,"column":75}},{"start":{"line":107,"column":73},"end":{"line":107,"column":75}}]},"11":{"loc":{"start":{"line":112,"column":19},"end":{"line":120,"column":null}},"type":"binary-expr","locations":[{"start":{"line":112,"column":19},"end":{"line":112,"column":26}},{"start":{"line":113,"column":20},"end":{"line":119,"column":null}}]},"12":{"loc":{"start":{"line":129,"column":7},"end":{"line":138,"column":null}},"type":"binary-expr","locations":[{"start":{"line":129,"column":7},"end":{"line":129,"column":14}},{"start":{"line":130,"column":8},"end":{"line":137,"column":null}}]}},"s":{"0":0,"1":0,"2":0,"3":0,"4":0,"5":0,"6":0,"7":0,"8":0,"9":0,"10":0,"11":0,"12":0,"13":0,"14":0,"15":0,"16":0,"17":0,"18":0,"19":0,"20":0,"21":0,"22":0,"23":0,"24":0,"25":0,"26":0,"27":0,"28":0,"29":0,"30":0,"31":0,"32":0,"33":0,"34":0,"35":0,"36":0,"37":0,"38":0,"39":0,"40":0,"41":0,"42":0},"f":{"0":0,"1":0,"2":0,"3":0,"4":0,"5":0,"6":0,"7":0,"8":0,"9":0,"10":0,"11":0,"12":0,"13":0,"14":0,"15":0},"b":{"0":[0,0],"1":[0,0],"2":[0,0],"3":[0,0],"4":[0,0],"5":[0,0],"6":[0,0],"7":[0,0,0,0],"8":[0,0],"9":[0,0],"10":[0,0],"11":[0,0],"12":[0,0]}}
,"C:\\Users\\Anitha\\Assignment\\SSA\\social-support-portal\\src\\components\\MultiStepForm\\index.tsx": {"path":"C:\\Users\\Anitha\\Assignment\\SSA\\social-support-portal\\src\\components\\MultiStepForm\\index.tsx","statementMap":{"0":{"start":{"line":33,"column":0},"end":{"line":33,"column":24}},"1":{"start":{"line":1,"column":0},"end":{"line":1,"column":52}},"2":{"start":{"line":2,"column":0},"end":{"line":2,"column":55}},"3":{"start":{"line":4,"column":0},"end":{"line":4,"column":57}},"4":{"start":{"line":6,"column":0},"end":{"line":6,"column":68}},"5":{"start":{"line":7,"column":0},"end":{"line":7,"column":92}},"6":{"start":{"line":8,"column":0},"end":{"line":8,"column":99}},"7":{"start":{"line":9,"column":0},"end":{"line":9,"column":40}},"8":{"start":{"line":10,"column":0},"end":{"line":10,"column":30}},"9":{"start":{"line":11,"column":0},"end":{"line":11,"column":38}},"10":{"start":{"line":12,"column":0},"end":{"line":12,"column":76}},"11":{"start":{"line":19,"column":0},"end":{"line":19,"column":null}},"12":{"start":{"line":24,"column":0},"end":{"line":24,"column":36}},"13":{"start":{"line":25,"column":0},"end":{"line":25,"column":55}},"14":{"start":{"line":26,"column":0},"end":{"line":26,"column":47}},"15":{"start":{"line":34,"column":16},"end":{"line":34,"column":32}},"16":{"start":{"line":35,"column":15},"end":{"line":35,"column":57}},"17":{"start":{"line":35,"column":45},"end":{"line":35,"column":56}},"18":{"start":{"line":36,"column":19},"end":{"line":36,"column":32}},"19":{"start":{"line":37,"column":24},"end":{"line":37,"column":75}},"20":{"start":{"line":37,"column":54},"end":{"line":37,"column":74}},"21":{"start":{"line":39,"column":19},"end":{"line":39,"column":48}},"22":{"start":{"line":40,"column":19},"end":{"line":40,"column":56}},"23":{"start":{"line":41,"column":19},"end":{"line":41,"column":61}},"24":{"start":{"line":43,"column":36},"end":{"line":44,"column":null}},"25":{"start":{"line":46,"column":36},"end":{"line":47,"column":null}},"26":{"start":{"line":49,"column":36},"end":{"line":50,"column":null}},"27":{"start":{"line":53,"column":44},"end":{"line":53,"column":59}},"28":{"start":{"line":54,"column":32},"end":{"line":54,"column":47}},"29":{"start":{"line":57,"column":2},"end":{"line":69,"column":45}},"30":{"start":{"line":58,"column":4},"end":{"line":58,"column":51}},"31":{"start":{"line":60,"column":4},"end":{"line":60,"column":67}},"32":{"start":{"line":61,"column":4},"end":{"line":61,"column":81}},"33":{"start":{"line":62,"column":4},"end":{"line":62,"column":85}},"34":{"start":{"line":65,"column":4},"end":{"line":65,"column":82}},"35":{"start":{"line":66,"column":4},"end":{"line":66,"column":96}},"36":{"start":{"line":67,"column":4},"end":{"line":67,"column":100}},"37":{"start":{"line":68,"column":4},"end":{"line":68,"column":28}},"38":{"start":{"line":71,"column":31},"end":{"line":75,"column":13}},"39":{"start":{"line":72,"column":4},"end":{"line":75,"column":13}},"40":{"start":{"line":73,"column":20},"end":{"line":73,"column":27}},"41":{"start":{"line":74,"column":6},"end":{"line":74,"column":67}},"42":{"start":{"line":77,"column":30},"end":{"line":77,"column":92}},"43":{"start":{"line":78,"column":30},"end":{"line":78,"column":102}},"44":{"start":{"line":79,"column":30},"end":{"line":79,"column":110}},"45":{"start":{"line":81,"column":4},"end":{"line":81,"column":88}},"46":{"start":{"line":83,"column":21},"end":{"line":83,"column":22}},"47":{"start":{"line":84,"column":2},"end":{"line":84,"column":86}},"48":{"start":{"line":84,"column":17},"end":{"line":84,"column":86}},"49":{"start":{"line":85,"column":2},"end":{"line":85,"column":86}},"50":{"start":{"line":85,"column":17},"end":{"line":85,"column":86}},"51":{"start":{"line":86,"column":2},"end":{"line":86,"column":86}},"52":{"start":{"line":86,"column":17},"end":{"line":86,"column":86}},"53":{"start":{"line":87,"column":28},"end":{"line":87,"column":67}},"54":{"start":{"line":89,"column":23},"end":{"line":96,"column":3}},"55":{"start":{"line":90,"column":4},"end":{"line":95,"column":5}},"56":{"start":{"line":91,"column":14},"end":{"line":91,"column":39}},"57":{"start":{"line":92,"column":14},"end":{"line":92,"column":46}},"58":{"start":{"line":93,"column":14},"end":{"line":93,"column":48}},"59":{"start":{"line":94,"column":15},"end":{"line":94,"column":39}},"60":{"start":{"line":98,"column":28},"end":{"line":105,"column":3}},"61":{"start":{"line":99,"column":4},"end":{"line":104,"column":5}},"62":{"start":{"line":100,"column":14},"end":{"line":100,"column":30}},"63":{"start":{"line":101,"column":14},"end":{"line":101,"column":30}},"64":{"start":{"line":102,"column":14},"end":{"line":102,"column":30}},"65":{"start":{"line":103,"column":15},"end":{"line":103,"column":31}},"66":{"start":{"line":107,"column":28},"end":{"line":147,"column":4}},"67":{"start":{"line":107,"column":39},"end":{"line":147,"column":4}},"68":{"start":{"line":108,"column":23},"end":{"line":108,"column":72}},"69":{"start":{"line":109,"column":23},"end":{"line":109,"column":72}},"70":{"start":{"line":110,"column":23},"end":{"line":110,"column":72}},"71":{"start":{"line":112,"column":4},"end":{"line":112,"column":58}},"72":{"start":{"line":112,"column":51},"end":{"line":112,"column":58}},"73":{"start":{"line":114,"column":24},"end":{"line":114,"column":53}},"74":{"start":{"line":115,"column":24},"end":{"line":115,"column":53}},"75":{"start":{"line":116,"column":24},"end":{"line":116,"column":53}},"76":{"start":{"line":118,"column":4},"end":{"line":146,"column":5}},"77":{"start":{"line":119,"column":6},"end":{"line":119,"column":23}},"78":{"start":{"line":120,"column":6},"end":{"line":136,"column":7}},"79":{"start":{"line":121,"column":24},"end":{"line":126,"column":10}},"80":{"start":{"line":127,"column":8},"end":{"line":127,"column":55}},"81":{"start":{"line":129,"column":8},"end":{"line":135,"column":11}},"82":{"start":{"line":138,"column":6},"end":{"line":138,"column":61}},"83":{"start":{"line":139,"column":6},"end":{"line":139,"column":53}},"84":{"start":{"line":140,"column":6},"end":{"line":140,"column":29}},"85":{"start":{"line":142,"column":6},"end":{"line":142,"column":25}},"86":{"start":{"line":143,"column":6},"end":{"line":143,"column":53}},"87":{"start":{"line":145,"column":6},"end":{"line":145,"column":24}},"88":{"start":{"line":149,"column":2},"end":{"line":197,"column":4}}},"fnMap":{"0":{"name":"MultiStepForm","decl":{"start":{"line":33,"column":24},"end":{"line":33,"column":37}},"loc":{"start":{"line":33,"column":81},"end":{"line":198,"column":1}}},"1":{"name":"(anonymous_9)","decl":{"start":{"line":35,"column":27},"end":{"line":35,"column":28}},"loc":{"start":{"line":35,"column":45},"end":{"line":35,"column":56}}},"2":{"name":"(anonymous_10)","decl":{"start":{"line":37,"column":36},"end":{"line":37,"column":37}},"loc":{"start":{"line":37,"column":54},"end":{"line":37,"column":74}}},"3":{"name":"(anonymous_11)","decl":{"start":{"line":57,"column":12},"end":{"line":57,"column":15}},"loc":{"start":{"line":57,"column":17},"end":{"line":69,"column":3}}},"4":{"name":"(anonymous_12)","decl":{"start":{"line":71,"column":31},"end":{"line":71,"column":50}},"loc":{"start":{"line":72,"column":4},"end":{"line":75,"column":13}}},"5":{"name":"(anonymous_13)","decl":{"start":{"line":72,"column":26},"end":{"line":72,"column":27}},"loc":{"start":{"line":72,"column":32},"end":{"line":75,"column":5}}},"6":{"name":"(anonymous_14)","decl":{"start":{"line":89,"column":23},"end":{"line":89,"column":26}},"loc":{"start":{"line":89,"column":28},"end":{"line":96,"column":3}}},"7":{"name":"(anonymous_15)","decl":{"start":{"line":98,"column":28},"end":{"line":98,"column":31}},"loc":{"start":{"line":98,"column":33},"end":{"line":105,"column":3}}},"8":{"name":"(anonymous_16)","decl":{"start":{"line":107,"column":28},"end":{"line":107,"column":37}},"loc":{"start":{"line":107,"column":39},"end":{"line":147,"column":4}}},"9":{"name":"(anonymous_17)","decl":{"start":{"line":107,"column":39},"end":{"line":107,"column":null}},"loc":{"start":{"line":107,"column":39},"end":{"line":147,"column":3}}}},"branchMap":{"0":{"loc":{"start":{"line":44,"column":4},"end":{"line":44,"column":52}},"type":"cond-expr","locations":[{"start":{"line":44,"column":29},"end":{"line":44,"column":33}},{"start":{"line":44,"column":33},"end":{"line":44,"column":52}}]},"1":{"loc":{"start":{"line":44,"column":4},"end":{"line":44,"column":33}},"type":"binary-expr","locations":[{"start":{"line":44,"column":4},"end":{"line":44,"column":33}},{"start":{"line":44,"column":29},"end":{"line":44,"column":33}}]},"2":{"loc":{"start":{"line":44,"column":4},"end":{"line":44,"column":29}},"type":"cond-expr","locations":[{"start":{"line":44,"column":15},"end":{"line":44,"column":17}},{"start":{"line":44,"column":4},"end":{"line":44,"column":29}}]},"3":{"loc":{"start":{"line":44,"column":4},"end":{"line":44,"column":17}},"type":"binary-expr","locations":[{"start":{"line":44,"column":4},"end":{"line":44,"column":17}},{"start":{"line":44,"column":4},"end":{"line":44,"column":17}}]},"4":{"loc":{"start":{"line":47,"column":4},"end":{"line":47,"column":66}},"type":"cond-expr","locations":[{"start":{"line":47,"column":36},"end":{"line":47,"column":40}},{"start":{"line":47,"column":40},"end":{"line":47,"column":66}}]},"5":{"loc":{"start":{"line":47,"column":4},"end":{"line":47,"column":40}},"type":"binary-expr","locations":[{"start":{"line":47,"column":4},"end":{"line":47,"column":40}},{"start":{"line":47,"column":36},"end":{"line":47,"column":40}}]},"6":{"loc":{"start":{"line":47,"column":4},"end":{"line":47,"column":36}},"type":"cond-expr","locations":[{"start":{"line":47,"column":15},"end":{"line":47,"column":17}},{"start":{"line":47,"column":4},"end":{"line":47,"column":36}}]},"7":{"loc":{"start":{"line":47,"column":4},"end":{"line":47,"column":17}},"type":"binary-expr","locations":[{"start":{"line":47,"column":4},"end":{"line":47,"column":17}},{"start":{"line":47,"column":4},"end":{"line":47,"column":17}}]},"8":{"loc":{"start":{"line":50,"column":4},"end":{"line":50,"column":70}},"type":"cond-expr","locations":[{"start":{"line":50,"column":38},"end":{"line":50,"column":42}},{"start":{"line":50,"column":42},"end":{"line":50,"column":70}}]},"9":{"loc":{"start":{"line":50,"column":4},"end":{"line":50,"column":42}},"type":"binary-expr","locations":[{"start":{"line":50,"column":4},"end":{"line":50,"column":42}},{"start":{"line":50,"column":38},"end":{"line":50,"column":42}}]},"10":{"loc":{"start":{"line":50,"column":4},"end":{"line":50,"column":38}},"type":"cond-expr","locations":[{"start":{"line":50,"column":15},"end":{"line":50,"column":17}},{"start":{"line":50,"column":4},"end":{"line":50,"column":38}}]},"11":{"loc":{"start":{"line":50,"column":4},"end":{"line":50,"column":17}},"type":"binary-expr","locations":[{"start":{"line":50,"column":4},"end":{"line":50,"column":17}},{"start":{"line":50,"column":4},"end":{"line":50,"column":17}}]},"12":{"loc":{"start":{"line":60,"column":17},"end":{"line":60,"column":65}},"type":"cond-expr","locations":[{"start":{"line":60,"column":42},"end":{"line":60,"column":46}},{"start":{"line":60,"column":46},"end":{"line":60,"column":65}}]},"13":{"loc":{"start":{"line":60,"column":17},"end":{"line":60,"column":46}},"type":"binary-expr","locations":[{"start":{"line":60,"column":17},"end":{"line":60,"column":46}},{"start":{"line":60,"column":42},"end":{"line":60,"column":46}}]},"14":{"loc":{"start":{"line":60,"column":17},"end":{"line":60,"column":42}},"type":"cond-expr","locations":[{"start":{"line":60,"column":28},"end":{"line":60,"column":30}},{"start":{"line":60,"column":17},"end":{"line":60,"column":42}}]},"15":{"loc":{"start":{"line":60,"column":17},"end":{"line":60,"column":30}},"type":"binary-expr","locations":[{"start":{"line":60,"column":17},"end":{"line":60,"column":30}},{"start":{"line":60,"column":17},"end":{"line":60,"column":30}}]},"16":{"loc":{"start":{"line":61,"column":17},"end":{"line":61,"column":79}},"type":"cond-expr","locations":[{"start":{"line":61,"column":49},"end":{"line":61,"column":53}},{"start":{"line":61,"column":53},"end":{"line":61,"column":79}}]},"17":{"loc":{"start":{"line":61,"column":17},"end":{"line":61,"column":53}},"type":"binary-expr","locations":[{"start":{"line":61,"column":17},"end":{"line":61,"column":53}},{"start":{"line":61,"column":49},"end":{"line":61,"column":53}}]},"18":{"loc":{"start":{"line":61,"column":17},"end":{"line":61,"column":49}},"type":"cond-expr","locations":[{"start":{"line":61,"column":28},"end":{"line":61,"column":30}},{"start":{"line":61,"column":17},"end":{"line":61,"column":49}}]},"19":{"loc":{"start":{"line":61,"column":17},"end":{"line":61,"column":30}},"type":"binary-expr","locations":[{"start":{"line":61,"column":17},"end":{"line":61,"column":30}},{"start":{"line":61,"column":17},"end":{"line":61,"column":30}}]},"20":{"loc":{"start":{"line":62,"column":17},"end":{"line":62,"column":83}},"type":"cond-expr","locations":[{"start":{"line":62,"column":51},"end":{"line":62,"column":55}},{"start":{"line":62,"column":55},"end":{"line":62,"column":83}}]},"21":{"loc":{"start":{"line":62,"column":17},"end":{"line":62,"column":55}},"type":"binary-expr","locations":[{"start":{"line":62,"column":17},"end":{"line":62,"column":55}},{"start":{"line":62,"column":51},"end":{"line":62,"column":55}}]},"22":{"loc":{"start":{"line":62,"column":17},"end":{"line":62,"column":51}},"type":"cond-expr","locations":[{"start":{"line":62,"column":28},"end":{"line":62,"column":30}},{"start":{"line":62,"column":17},"end":{"line":62,"column":51}}]},"23":{"loc":{"start":{"line":62,"column":17},"end":{"line":62,"column":30}},"type":"binary-expr","locations":[{"start":{"line":62,"column":17},"end":{"line":62,"column":30}},{"start":{"line":62,"column":17},"end":{"line":62,"column":30}}]},"24":{"loc":{"start":{"line":65,"column":4},"end":{"line":65,"column":81}},"type":"cond-expr","locations":[{"start":{"line":65,"column":20},"end":{"line":65,"column":22}},{"start":{"line":65,"column":20},"end":{"line":65,"column":81}}]},"25":{"loc":{"start":{"line":65,"column":4},"end":{"line":65,"column":22}},"type":"binary-expr","locations":[{"start":{"line":65,"column":4},"end":{"line":65,"column":22}},{"start":{"line":65,"column":20},"end":{"line":65,"column":22}}]},"26":{"loc":{"start":{"line":65,"column":32},"end":{"line":65,"column":80}},"type":"cond-expr","locations":[{"start":{"line":65,"column":57},"end":{"line":65,"column":61}},{"start":{"line":65,"column":61},"end":{"line":65,"column":80}}]},"27":{"loc":{"start":{"line":65,"column":32},"end":{"line":65,"column":61}},"type":"binary-expr","locations":[{"start":{"line":65,"column":32},"end":{"line":65,"column":61}},{"start":{"line":65,"column":57},"end":{"line":65,"column":61}}]},"28":{"loc":{"start":{"line":65,"column":32},"end":{"line":65,"column":57}},"type":"cond-expr","locations":[{"start":{"line":65,"column":43},"end":{"line":65,"column":45}},{"start":{"line":65,"column":32},"end":{"line":65,"column":57}}]},"29":{"loc":{"start":{"line":65,"column":32},"end":{"line":65,"column":45}},"type":"binary-expr","locations":[{"start":{"line":65,"column":32},"end":{"line":65,"column":45}},{"start":{"line":65,"column":32},"end":{"line":65,"column":45}}]},"30":{"loc":{"start":{"line":66,"column":4},"end":{"line":66,"column":95}},"type":"cond-expr","locations":[{"start":{"line":66,"column":20},"end":{"line":66,"column":22}},{"start":{"line":66,"column":20},"end":{"line":66,"column":95}}]},"31":{"loc":{"start":{"line":66,"column":4},"end":{"line":66,"column":22}},"type":"binary-expr","locations":[{"start":{"line":66,"column":4},"end":{"line":66,"column":22}},{"start":{"line":66,"column":20},"end":{"line":66,"column":22}}]},"32":{"loc":{"start":{"line":66,"column":32},"end":{"line":66,"column":94}},"type":"cond-expr","locations":[{"start":{"line":66,"column":64},"end":{"line":66,"column":68}},{"start":{"line":66,"column":68},"end":{"line":66,"column":94}}]},"33":{"loc":{"start":{"line":66,"column":32},"end":{"line":66,"column":68}},"type":"binary-expr","locations":[{"start":{"line":66,"column":32},"end":{"line":66,"column":68}},{"start":{"line":66,"column":64},"end":{"line":66,"column":68}}]},"34":{"loc":{"start":{"line":66,"column":32},"end":{"line":66,"column":64}},"type":"cond-expr","locations":[{"start":{"line":66,"column":43},"end":{"line":66,"column":45}},{"start":{"line":66,"column":32},"end":{"line":66,"column":64}}]},"35":{"loc":{"start":{"line":66,"column":32},"end":{"line":66,"column":45}},"type":"binary-expr","locations":[{"start":{"line":66,"column":32},"end":{"line":66,"column":45}},{"start":{"line":66,"column":32},"end":{"line":66,"column":45}}]},"36":{"loc":{"start":{"line":67,"column":4},"end":{"line":67,"column":99}},"type":"cond-expr","locations":[{"start":{"line":67,"column":20},"end":{"line":67,"column":22}},{"start":{"line":67,"column":20},"end":{"line":67,"column":99}}]},"37":{"loc":{"start":{"line":67,"column":4},"end":{"line":67,"column":22}},"type":"binary-expr","locations":[{"start":{"line":67,"column":4},"end":{"line":67,"column":22}},{"start":{"line":67,"column":20},"end":{"line":67,"column":22}}]},"38":{"loc":{"start":{"line":67,"column":32},"end":{"line":67,"column":98}},"type":"cond-expr","locations":[{"start":{"line":67,"column":66},"end":{"line":67,"column":70}},{"start":{"line":67,"column":70},"end":{"line":67,"column":98}}]},"39":{"loc":{"start":{"line":67,"column":32},"end":{"line":67,"column":70}},"type":"binary-expr","locations":[{"start":{"line":67,"column":32},"end":{"line":67,"column":70}},{"start":{"line":67,"column":66},"end":{"line":67,"column":70}}]},"40":{"loc":{"start":{"line":67,"column":32},"end":{"line":67,"column":66}},"type":"cond-expr","locations":[{"start":{"line":67,"column":43},"end":{"line":67,"column":45}},{"start":{"line":67,"column":32},"end":{"line":67,"column":66}}]},"41":{"loc":{"start":{"line":67,"column":32},"end":{"line":67,"column":45}},"type":"binary-expr","locations":[{"start":{"line":67,"column":32},"end":{"line":67,"column":45}},{"start":{"line":67,"column":32},"end":{"line":67,"column":45}}]},"42":{"loc":{"start":{"line":74,"column":13},"end":{"line":74,"column":66}},"type":"binary-expr","locations":[{"start":{"line":74,"column":13},"end":{"line":74,"column":25}},{"start":{"line":74,"column":29},"end":{"line":74,"column":43}},{"start":{"line":74,"column":47},"end":{"line":74,"column":66}}]},"43":{"loc":{"start":{"line":84,"column":2},"end":{"line":84,"column":86}},"type":"if","locations":[{"start":{"line":84,"column":2},"end":{"line":84,"column":86}},{"start":{},"end":{}}]},"44":{"loc":{"start":{"line":85,"column":2},"end":{"line":85,"column":86}},"type":"if","locations":[{"start":{"line":85,"column":2},"end":{"line":85,"column":86}},{"start":{},"end":{}}]},"45":{"loc":{"start":{"line":86,"column":2},"end":{"line":86,"column":86}},"type":"if","locations":[{"start":{"line":86,"column":2},"end":{"line":86,"column":86}},{"start":{},"end":{}}]},"46":{"loc":{"start":{"line":90,"column":4},"end":{"line":95,"column":5}},"type":"switch","locations":[{"start":{"line":91,"column":6},"end":{"line":91,"column":39}},{"start":{"line":92,"column":6},"end":{"line":92,"column":46}},{"start":{"line":93,"column":6},"end":{"line":93,"column":48}},{"start":{"line":94,"column":6},"end":{"line":94,"column":39}}]},"47":{"loc":{"start":{"line":99,"column":4},"end":{"line":104,"column":5}},"type":"switch","locations":[{"start":{"line":100,"column":6},"end":{"line":100,"column":30}},{"start":{"line":101,"column":6},"end":{"line":101,"column":30}},{"start":{"line":102,"column":6},"end":{"line":102,"column":30}},{"start":{"line":103,"column":6},"end":{"line":103,"column":31}}]},"48":{"loc":{"start":{"line":108,"column":23},"end":{"line":108,"column":72}},"type":"cond-expr","locations":[{"start":{"line":108,"column":63},"end":{"line":108,"column":67}},{"start":{"line":108,"column":67},"end":{"line":108,"column":72}}]},"49":{"loc":{"start":{"line":108,"column":23},"end":{"line":108,"column":67}},"type":"binary-expr","locations":[{"start":{"line":108,"column":23},"end":{"line":108,"column":67}},{"start":{"line":108,"column":63},"end":{"line":108,"column":67}}]},"50":{"loc":{"start":{"line":108,"column":30},"end":{"line":108,"column":62}},"type":"cond-expr","locations":[{"start":{"line":108,"column":46},"end":{"line":108,"column":48}},{"start":{"line":108,"column":46},"end":{"line":108,"column":62}}]},"51":{"loc":{"start":{"line":108,"column":30},"end":{"line":108,"column":48}},"type":"binary-expr","locations":[{"start":{"line":108,"column":30},"end":{"line":108,"column":48}},{"start":{"line":108,"column":46},"end":{"line":108,"column":48}}]},"52":{"loc":{"start":{"line":109,"column":23},"end":{"line":109,"column":72}},"type":"cond-expr","locations":[{"start":{"line":109,"column":63},"end":{"line":109,"column":67}},{"start":{"line":109,"column":67},"end":{"line":109,"column":72}}]},"53":{"loc":{"start":{"line":109,"column":23},"end":{"line":109,"column":67}},"type":"binary-expr","locations":[{"start":{"line":109,"column":23},"end":{"line":109,"column":67}},{"start":{"line":109,"column":63},"end":{"line":109,"column":67}}]},"54":{"loc":{"start":{"line":109,"column":30},"end":{"line":109,"column":62}},"type":"cond-expr","locations":[{"start":{"line":109,"column":46},"end":{"line":109,"column":48}},{"start":{"line":109,"column":46},"end":{"line":109,"column":62}}]},"55":{"loc":{"start":{"line":109,"column":30},"end":{"line":109,"column":48}},"type":"binary-expr","locations":[{"start":{"line":109,"column":30},"end":{"line":109,"column":48}},{"start":{"line":109,"column":46},"end":{"line":109,"column":48}}]},"56":{"loc":{"start":{"line":110,"column":23},"end":{"line":110,"column":72}},"type":"cond-expr","locations":[{"start":{"line":110,"column":63},"end":{"line":110,"column":67}},{"start":{"line":110,"column":67},"end":{"line":110,"column":72}}]},"57":{"loc":{"start":{"line":110,"column":23},"end":{"line":110,"column":67}},"type":"binary-expr","locations":[{"start":{"line":110,"column":23},"end":{"line":110,"column":67}},{"start":{"line":110,"column":63},"end":{"line":110,"column":67}}]},"58":{"loc":{"start":{"line":110,"column":30},"end":{"line":110,"column":62}},"type":"cond-expr","locations":[{"start":{"line":110,"column":46},"end":{"line":110,"column":48}},{"start":{"line":110,"column":46},"end":{"line":110,"column":62}}]},"59":{"loc":{"start":{"line":110,"column":30},"end":{"line":110,"column":48}},"type":"binary-expr","locations":[{"start":{"line":110,"column":30},"end":{"line":110,"column":48}},{"start":{"line":110,"column":46},"end":{"line":110,"column":48}}]},"60":{"loc":{"start":{"line":112,"column":4},"end":{"line":112,"column":58}},"type":"if","locations":[{"start":{"line":112,"column":4},"end":{"line":112,"column":58}},{"start":{},"end":{}}]},"61":{"loc":{"start":{"line":112,"column":8},"end":{"line":112,"column":49}},"type":"binary-expr","locations":[{"start":{"line":112,"column":8},"end":{"line":112,"column":19}},{"start":{"line":112,"column":23},"end":{"line":112,"column":34}},{"start":{"line":112,"column":38},"end":{"line":112,"column":49}}]},"62":{"loc":{"start":{"line":114,"column":24},"end":{"line":114,"column":53}},"type":"cond-expr","locations":[{"start":{"line":114,"column":40},"end":{"line":114,"column":42}},{"start":{"line":114,"column":40},"end":{"line":114,"column":53}}]},"63":{"loc":{"start":{"line":114,"column":24},"end":{"line":114,"column":42}},"type":"binary-expr","locations":[{"start":{"line":114,"column":24},"end":{"line":114,"column":42}},{"start":{"line":114,"column":40},"end":{"line":114,"column":42}}]},"64":{"loc":{"start":{"line":115,"column":24},"end":{"line":115,"column":53}},"type":"cond-expr","locations":[{"start":{"line":115,"column":40},"end":{"line":115,"column":42}},{"start":{"line":115,"column":40},"end":{"line":115,"column":53}}]},"65":{"loc":{"start":{"line":115,"column":24},"end":{"line":115,"column":42}},"type":"binary-expr","locations":[{"start":{"line":115,"column":24},"end":{"line":115,"column":42}},{"start":{"line":115,"column":40},"end":{"line":115,"column":42}}]},"66":{"loc":{"start":{"line":116,"column":24},"end":{"line":116,"column":53}},"type":"cond-expr","locations":[{"start":{"line":116,"column":40},"end":{"line":116,"column":42}},{"start":{"line":116,"column":40},"end":{"line":116,"column":53}}]},"67":{"loc":{"start":{"line":116,"column":24},"end":{"line":116,"column":42}},"type":"binary-expr","locations":[{"start":{"line":116,"column":24},"end":{"line":116,"column":42}},{"start":{"line":116,"column":40},"end":{"line":116,"column":42}}]},"68":{"loc":{"start":{"line":120,"column":6},"end":{"line":136,"column":7}},"type":"if","locations":[{"start":{"line":120,"column":6},"end":{"line":136,"column":7}},{"start":{"line":128,"column":13},"end":{"line":136,"column":7}}]},"69":{"loc":{"start":{"line":127,"column":34},"end":{"line":127,"column":52}},"type":"cond-expr","locations":[{"start":{"line":127,"column":44},"end":{"line":127,"column":48}},{"start":{"line":127,"column":48},"end":{"line":127,"column":52}}]},"70":{"loc":{"start":{"line":127,"column":34},"end":{"line":127,"column":48}},"type":"binary-expr","locations":[{"start":{"line":127,"column":34},"end":{"line":127,"column":48}},{"start":{"line":127,"column":44},"end":{"line":127,"column":48}}]},"71":{"loc":{"start":{"line":160,"column":26},"end":{"line":160,"column":57}},"type":"cond-expr","locations":[{"start":{"line":160,"column":39},"end":{"line":160,"column":46}},{"start":{"line":160,"column":49},"end":{"line":160,"column":57}}]},"72":{"loc":{"start":{"line":163,"column":50},"end":{"line":163,"column":70}},"type":"cond-expr","locations":[{"start":{"line":163,"column":64},"end":{"line":163,"column":68}},{"start":{"line":163,"column":68},"end":{"line":163,"column":70}}]},"73":{"loc":{"start":{"line":163,"column":50},"end":{"line":163,"column":68}},"type":"binary-expr","locations":[{"start":{"line":163,"column":50},"end":{"line":163,"column":68}},{"start":{"line":163,"column":64},"end":{"line":163,"column":68}}]},"74":{"loc":{"start":{"line":163,"column":50},"end":{"line":163,"column":64}},"type":"cond-expr","locations":[{"start":{"line":163,"column":59},"end":{"line":163,"column":61}},{"start":{"line":163,"column":50},"end":{"line":163,"column":64}}]},"75":{"loc":{"start":{"line":163,"column":50},"end":{"line":163,"column":61}},"type":"binary-expr","locations":[{"start":{"line":163,"column":50},"end":{"line":163,"column":61}},{"start":{"line":163,"column":50},"end":{"line":163,"column":61}}]},"76":{"loc":{"start":{"line":169,"column":26},"end":{"line":169,"column":57}},"type":"cond-expr","locations":[{"start":{"line":169,"column":39},"end":{"line":169,"column":46}},{"start":{"line":169,"column":49},"end":{"line":169,"column":57}}]},"77":{"loc":{"start":{"line":178,"column":26},"end":{"line":178,"column":57}},"type":"cond-expr","locations":[{"start":{"line":178,"column":39},"end":{"line":178,"column":46}},{"start":{"line":178,"column":49},"end":{"line":178,"column":57}}]}},"s":{"0":0,"1":0,"2":0,"3":0,"4":0,"5":0,"6":0,"7":0,"8":0,"9":0,"10":0,"11":0,"12":0,"13":0,"14":0,"15":0,"16":0,"17":0,"18":0,"19":0,"20":0,"21":0,"22":0,"23":0,"24":0,"25":0,"26":0,"27":0,"28":0,"29":0,"30":0,"31":0,"32":0,"33":0,"34":0,"35":0,"36":0,"37":0,"38":0,"39":0,"40":0,"41":0,"42":0,"43":0,"44":0,"45":0,"46":0,"47":0,"48":0,"49":0,"50":0,"51":0,"52":0,"53":0,"54":0,"55":0,"56":0,"57":0,"58":0,"59":0,"60":0,"61":0,"62":0,"63":0,"64":0,"65":0,"66":0,"67":0,"68":0,"69":0,"70":0,"71":0,"72":0,"73":0,"74":0,"75":0,"76":0,"77":0,"78":0,"79":0,"80":0,"81":0,"82":0,"83":0,"84":0,"85":0,"86":0,"87":0,"88":0},"f":{"0":0,"1":0,"2":0,"3":0,"4":0,"5":0,"6":0,"7":0,"8":0,"9":0},"b":{"0":[0,0],"1":[0,0],"2":[0,0],"3":[0,0],"4":[0,0],"5":[0,0],"6":[0,0],"7":[0,0],"8":[0,0],"9":[0,0],"10":[0,0],"11":[0,0],"12":[0,0],"13":[0,0],"14":[0,0],"15":[0,0],"16":[0,0],"17":[0,0],"18":[0,0],"19":[0,0],"20":[0,0],"21":[0,0],"22":[0,0],"23":[0,0],"24":[0,0],"25":[0,0],"26":[0,0],"27":[0,0],"28":[0,0],"29":[0,0],"30":[0,0],"31":[0,0],"32":[0,0],"33":[0,0],"34":[0,0],"35":[0,0],"36":[0,0],"37":[0,0],"38":[0,0],"39":[0,0],"40":[0,0],"41":[0,0],"42":[0,0,0],"43":[0,0],"44":[0,0],"45":[0,0],"46":[0,0,0,0],"47":[0,0,0,0],"48":[0,0],"49":[0,0],"50":[0,0],"51":[0,0],"52":[0,0],"53":[0,0],"54":[0,0],"55":[0,0],"56":[0,0],"57":[0,0],"58":[0,0],"59":[0,0],"60":[0,0],"61":[0,0,0],"62":[0,0],"63":[0,0],"64":[0,0],"65":[0,0],"66":[0,0],"67":[0,0],"68":[0,0],"69":[0,0],"70":[0,0],"71":[0,0],"72":[0,0],"73":[0,0],"74":[0,0],"75":[0,0],"76":[0,0],"77":[0,0]}}
,"C:\\Users\\Anitha\\Assignment\\SSA\\social-support-portal\\src\\components\\admin\\AdminDashboard.tsx": {"path":"C:\\Users\\Anitha\\Assignment\\SSA\\social-support-portal\\src\\components\\admin\\AdminDashboard.tsx","statementMap":{"0":{"start":{"line":13,"column":0},"end":{"line":13,"column":24}},"1":{"start":{"line":1,"column":0},"end":{"line":1,"column":53}},"2":{"start":{"line":2,"column":0},"end":{"line":2,"column":55}},"3":{"start":{"line":4,"column":0},"end":{"line":4,"column":90}},"4":{"start":{"line":5,"column":0},"end":{"line":5,"column":38}},"5":{"start":{"line":6,"column":0},"end":{"line":6,"column":36}},"6":{"start":{"line":7,"column":0},"end":{"line":7,"column":55}},"7":{"start":{"line":8,"column":0},"end":{"line":8,"column":65}},"8":{"start":{"line":9,"column":0},"end":{"line":9,"column":45}},"9":{"start":{"line":10,"column":0},"end":{"line":10,"column":39}},"10":{"start":{"line":11,"column":0},"end":{"line":11,"column":47}},"11":{"start":{"line":14,"column":19},"end":{"line":14,"column":45}},"12":{"start":{"line":15,"column":36},"end":{"line":15,"column":85}},"13":{"start":{"line":15,"column":70},"end":{"line":15,"column":84}},"14":{"start":{"line":16,"column":22},"end":{"line":16,"column":38}},"15":{"start":{"line":18,"column":32},"end":{"line":18,"column":77}},"16":{"start":{"line":19,"column":40},"end":{"line":19,"column":51}},"17":{"start":{"line":20,"column":38},"end":{"line":20,"column":50}},"18":{"start":{"line":21,"column":23},"end":{"line":21,"column":24}},"19":{"start":{"line":22,"column":16},"end":{"line":22,"column":38}},"20":{"start":{"line":24,"column":2},"end":{"line":26,"column":17}},"21":{"start":{"line":25,"column":4},"end":{"line":25,"column":37}},"22":{"start":{"line":28,"column":29},"end":{"line":39,"column":4}},"23":{"start":{"line":28,"column":83},"end":{"line":39,"column":4}},"24":{"start":{"line":29,"column":4},"end":{"line":38,"column":5}},"25":{"start":{"line":30,"column":6},"end":{"line":30,"column":62}},"26":{"start":{"line":31,"column":6},"end":{"line":34,"column":8}},"27":{"start":{"line":36,"column":6},"end":{"line":36,"column":25}},"28":{"start":{"line":37,"column":6},"end":{"line":37,"column":59}},"29":{"start":{"line":41,"column":21},"end":{"line":45,"column":3}},"30":{"start":{"line":42,"column":16},"end":{"line":42,"column":56}},"31":{"start":{"line":42,"column":41},"end":{"line":42,"column":55}},"32":{"start":{"line":43,"column":4},"end":{"line":43,"column":21}},"33":{"start":{"line":43,"column":14},"end":{"line":43,"column":21}},"34":{"start":{"line":44,"column":4},"end":{"line":44,"column":20}},"35":{"start":{"line":47,"column":21},"end":{"line":47,"column":43}},"36":{"start":{"line":47,"column":27},"end":{"line":47,"column":43}},"37":{"start":{"line":49,"column":25},"end":{"line":57,"column":3}},"38":{"start":{"line":50,"column":4},"end":{"line":56,"column":5}},"39":{"start":{"line":51,"column":24},"end":{"line":51,"column":61}},"40":{"start":{"line":52,"column":20},"end":{"line":52,"column":59}}
[...]
:38}},"32":{"start":{"line":73,"column":6},"end":{"line":73,"column":34}},"33":{"start":{"line":74,"column":6},"end":{"line":74,"column":35}},"34":{"start":{"line":75,"column":6},"end":{"line":75,"column":67}},"35":{"start":{"line":80,"column":4},"end":{"line":83,"column":7}},"36":{"start":{"line":81,"column":6},"end":{"line":81,"column":27}},"37":{"start":{"line":82,"column":6},"end":{"line":82,"column":25}},"38":{"start":{"line":84,"column":4},"end":{"line":89,"column":7}},"39":{"start":{"line":85,"column":6},"end":{"line":85,"column":28}},"40":{"start":{"line":86,"column":6},"end":{"line":86,"column":34}},"41":{"start":{"line":87,"column":6},"end":{"line":87,"column":35}},"42":{"start":{"line":88,"column":6},"end":{"line":88,"column":67}},"43":{"start":{"line":90,"column":4},"end":{"line":94,"column":7}},"44":{"start":{"line":91,"column":6},"end":{"line":91,"column":28}},"45":{"start":{"line":92,"column":6},"end":{"line":92,"column":53}},"46":{"start":{"line":93,"column":6},"end":{"line":93,"column":36}},"47":{"start":{"line":97,"column":4},"end":{"line":100,"column":7}},"48":{"start":{"line":98,"column":6},"end":{"line":98,"column":27}},"49":{"start":{"line":99,"column":6},"end":{"line":99,"column":25}},"50":{"start":{"line":101,"column":4},"end":{"line":106,"column":7}},"51":{"start":{"line":102,"column":6},"end":{"line":102,"column":28}},"52":{"start":{"line":103,"column":6},"end":{"line":103,"column":25}},"53":{"start":{"line":107,"column":4},"end":{"line":110,"column":7}},"54":{"start":{"line":108,"column":6},"end":{"line":108,"column":28}},"55":{"start":{"line":109,"column":6},"end":{"line":109,"column":54}},"56":{"start":{"line":114,"column":13},"end":{"line":114,"column":35}},"57":{"start":{"line":115,"column":0},"end":{"line":115,"column":33}}},"fnMap":{"0":{"name":"(anonymous_7)","decl":{"start":{"line":13,"column":23},"end":{"line":13,"column":39}},"loc":{"start":{"line":13,"column":41},"end":{"line":20,"column":1}}},"1":{"name":"(anonymous_8)","decl":{"start":{"line":36,"column":16},"end":{"line":36,"column":23}},"loc":{"start":{"line":36,"column":67},"end":{"line":45,"column":2}}},"2":{"name":"(anonymous_9)","decl":{"start":{"line":36,"column":67},"end":{"line":36,"column":null}},"loc":{"start":{"line":36,"column":63},"end":{"line":45,"column":1}}},"3":{"name":"(anonymous_10)","decl":{"start":{"line":51,"column":17},"end":{"line":51,"column":24}},"loc":{"start":{"line":51,"column":74},"end":{"line":60,"column":2}}},"4":{"name":"(anonymous_11)","decl":{"start":{"line":51,"column":74},"end":{"line":51,"column":null}},"loc":{"start":{"line":51,"column":70},"end":{"line":60,"column":1}}},"5":{"name":"(anonymous_12)","decl":{"start":{"line":66,"column":4},"end":{"line":66,"column":10}},"loc":{"start":{"line":66,"column":16},"end":{"line":71,"column":5}}},"6":{"name":"(anonymous_13)","decl":{"start":{"line":72,"column":4},"end":{"line":72,"column":11}},"loc":{"start":{"line":72,"column":46},"end":{"line":76,"column":5}}},"7":{"name":"(anonymous_14)","decl":{"start":{"line":78,"column":17},"end":{"line":78,"column":18}},"loc":{"start":{"line":78,"column":29},"end":{"line":111,"column":3}}},"8":{"name":"(anonymous_15)","decl":{"start":{"line":80,"column":35},"end":{"line":80,"column":36}},"loc":{"start":{"line":80,"column":45},"end":{"line":83,"column":5}}},"9":{"name":"(anonymous_16)","decl":{"start":{"line":84,"column":37},"end":{"line":84,"column":38}},"loc":{"start":{"line":84,"column":55},"end":{"line":89,"column":5}}},"10":{"name":"(anonymous_17)","decl":{"start":{"line":90,"column":36},"end":{"line":90,"column":37}},"loc":{"start":{"line":90,"column":54},"end":{"line":94,"column":5}}},"11":{"name":"(anonymous_18)","decl":{"start":{"line":97,"column":36},"end":{"line":97,"column":37}},"loc":{"start":{"line":97,"column":46},"end":{"line":100,"column":5}}},"12":{"name":"(anonymous_19)","decl":{"start":{"line":101,"column":38},"end":{"line":101,"column":39}},"loc":{"start":{"line":101,"column":48},"end":{"line":106,"column":5}}},"13":{"name":"(anonymous_20)","decl":{"start":{"line":107,"column":37},"end":{"line":107,"column":38}},"loc":{"start":{"line":107,"column":55},"end":{"line":110,"column":5}}}},"branchMap":{"0":{"loc":{"start":{"line":16,"column":11},"end":{"line":16,"column":49}},"type":"cond-expr","locations":[{"start":{"line":16,"column":18},"end":{"line":16,"column":42}},{"start":{"line":16,"column":45},"end":{"line":16,"column":49}}]},"1":{"loc":{"start":{"line":42,"column":4},"end":{"line":42,"column":52}},"type":"if","locations":[{"start":{"line":42,"column":4},"end":{"line":42,"column":52}},{"start":{},"end":{}}]},"2":{"loc":{"start":{"line":57,"column":4},"end":{"line":57,"column":52}},"type":"if","locations":[{"start":{"line":57,"column":4},"end":{"line":57,"column":52}},{"start":{},"end":{}}]},"3":{"loc":{"start":{"line":92,"column":20},"end":{"line":92,"column":52}},"type":"binary-expr","locations":[{"start":{"line":92,"column":20},"end":{"line":92,"column":34}},{"start":{"line":92,"column":38},"end":{"line":92,"column":52}}]},"4":{"loc":{"start":{"line":109,"column":20},"end":{"line":109,"column":53}},"type":"binary-expr","locations":[{"start":{"line":109,"column":20},"end":{"line":109,"column":34}},{"start":{"line":109,"column":38},"end":{"line":109,"column":53}}]}},"s":{"0":0,"1":0,"2":0,"3":0,"4":0,"5":0,"6":0,"7":0,"8":0,"9":0,"10":0,"11":0,"12":0,"13":0,"14":0,"15":0,"16":0,"17":0,"18":0,"19":0,"20":0,"21":0,"22":0,"23":0,"24":0,"25":0,"26":0,"27":0,"28":0,"29":0,"30":0,"31":0,"32":0,"33":0,"34":0,"35":0,"36":0,"37":0,"38":0,"39":0,"40":0,"41":0,"42":0,"43":0,"44":0,"45":0,"46":0,"47":0,"48":0,"49":0,"50":0,"51":0,"52":0,"53":0,"54":0,"55":0,"56":0,"57":0},"f":{"0":0,"1":0,"2":0,"3":0,"4":0,"5":0,"6":0,"7":0,"8":0,"9":0,"10":0,"11":0,"12":0,"13":0},"b":{"0":[0,0],"1":[0,0],"2":[0,0],"3":[0,0],"4":[0,0]}}
,"C:\\Users\\Anitha\\Assignment\\SSA\\social-support-portal\\src\\store\\formSlice.ts": {"path":"C:\\Users\\Anitha\\Assignment\\SSA\\social-support-portal\\src\\store\\formSlice.ts","statementMap":{"0":{"start":{"line":1,"column":0},"end":{"line":1,"column":66}},"1":{"start":{"line":8,"column":32},"end":{"line":11,"column":null}},"2":{"start":{"line":13,"column":14},"end":{"line":24,"column":2}},"3":{"start":{"line":18,"column":6},"end":{"line":18,"column":null}},"4":{"start":{"line":21,"column":6},"end":{"line":21,"column":null}},"5":{"start":{"line":26,"column":13},"end":{"line":26,"column":45}},"6":{"start":{"line":27,"column":0},"end":{"line":27,"column":null}}},"fnMap":{"0":{"name":"(anonymous_0)","decl":{"start":{"line":17,"column":4},"end":{"line":17,"column":20}},"loc":{"start":{"line":17,"column":64},"end":{"line":19,"column":5}}},"1":{"name":"(anonymous_1)","decl":{"start":{"line":20,"column":4},"end":{"line":20,"column":11}},"loc":{"start":{"line":20,"column":48},"end":{"line":22,"column":5}}}},"branchMap":{},"s":{"0":0,"1":0,"2":0,"3":0,"4":0,"5":0,"6":0},"f":{"0":0,"1":0},"b":{}}
,"C:\\Users\\Anitha\\Assignment\\SSA\\social-support-portal\\src\\store\\hooks.ts": {"path":"C:\\Users\\Anitha\\Assignment\\SSA\\social-support-portal\\src\\store\\hooks.ts","statementMap":{"0":{"start":{"line":1,"column":0},"end":{"line":1,"column":54}},"1":{"start":{"line":6,"column":30},"end":{"line":6,"column":62}},"2":{"start":{"line":6,"column":36},"end":{"line":6,"column":62}},"3":{"start":{"line":6,"column":13},"end":{"line":6,"column":30}},"4":{"start":{"line":7,"column":13},"end":{"line":7,"column":null}}},"fnMap":{"0":{"name":"(anonymous_0)","decl":{"start":{"line":6,"column":30},"end":{"line":6,"column":33}},"loc":{"start":{"line":6,"column":36},"end":{"line":6,"column":62}}}},"branchMap":{},"s":{"0":0,"1":0,"2":0,"3":0,"4":0},"f":{"0":0},"b":{}}
,"C:\\Users\\Anitha\\Assignment\\SSA\\social-support-portal\\src\\store\\index.ts": {"path":"C:\\Users\\Anitha\\Assignment\\SSA\\social-support-portal\\src\\store\\index.ts","statementMap":{"0":{"start":{"line":1,"column":0},"end":{"line":1,"column":49}},"1":{"start":{"line":2,"column":0},"end":{"line":2,"column":37}},"2":{"start":{"line":3,"column":0},"end":{"line":3,"column":38}},"3":{"start":{"line":4,"column":0},"end":{"line":4,"column":45}},"4":{"start":{"line":6,"column":14},"end":{"line":13,"column":2}},"5":{"start":{"line":17,"column":0},"end":{"line":17,"column":null}}},"fnMap":{},"branchMap":{},"s":{"0":0,"1":0,"2":0,"3":0,"4":0,"5":0},"f":{},"b":{}}
,"C:\\Users\\Anitha\\Assignment\\SSA\\social-support-portal\\src\\store\\requestsSlice.ts": {"path":"C:\\Users\\Anitha\\Assignment\\SSA\\social-support-portal\\src\\store\\requestsSlice.ts","statementMap":{"0":{"start":{"line":1,"column":0},"end":{"line":1,"column":84}},"1":{"start":{"line":3,"column":0},"end":{"line":3,"column":53}},"2":{"start":{"line":4,"column":0},"end":{"line":4,"column":55}},"3":{"start":{"line":10,"column":13},"end":{"line":17,"column":null}},"4":{"start":{"line":12,"column":13},"end":{"line":16,"column":null}},"5":{"start":{"line":13,"column":16},"end":{"line":13,"column":59}},"6":{"start":{"line":14,"column":17},"end":{"line":14,"column":33}},"7":{"start":{"line":15,"column":4},"end":{"line":15,"column":null}},"8":{"start":{"line":20,"column":13},"end":{"line":27,"column":null}},"9":{"start":{"line":22,"column":22},"end":{"line":26,"column":null}},"10":{"start":{"line":23,"column":16},"end":{"line":23,"column":82}},"11":{"start":{"line":24,"column":17},"end":{"line":24,"column":33}},"12":{"start":{"line":25,"column":4},"end":{"line":25,"column":null}},"13":{"start":{"line":30,"column":13},"end":{"line":36,"column":null}},"14":{"start":{"line":33,"column":52},"end":{"line":36,"column":2}},"15":{"start":{"line":34,"column":18},"end":{"line":34,"column":57}},"16":{"start":{"line":35,"column":2},"end":{"line":35,"column":null}},"17":{"start":{"line":45,"column":36},"end":{"line":49,"column":null}},"18":{"start":{"line":51,"column":22},"end":{"line":92,"column":2}},"19":{"start":{"line":57,"column":4},"end":{"line":66,"column":null}},"20":{"start":{"line":58,"column":58},"end":{"line":58,"column":79}},"21":{"start":{"line":58,"column":80},"end":{"line":58,"column":99}},"22":{"start":{"line":60,"column":8},"end":{"line":60,"column":null}},"23":{"start":{"line":61,"column":8},"end":{"line":61,"column":null}},"24":{"start":{"line":64,"column":8},"end":{"line":64,"column":null}},"25":{"start":{"line":65,"column":8},"end":{"line":65,"column":null}},"26":{"start":{"line":68,"column":4},"end":{"line":77,"column":null}},"27":{"start":{"line":69,"column":59},"end":{"line":69,"column":80}},"28":{"start":{"line":69,"column":81},"end":{"line":69,"column":100}},"29":{"start":{"line":71,"column":8},"end":{"line":71,"column":null}},"30":{"start":{"line":72,"column":8},"end":{"line":72,"column":null}},"31":{"start":{"line":75,"column":8},"end":{"line":75,"column":null}},"32":{"start":{"line":76,"column":8},"end":{"line":76,"column":null}},"33":{"start":{"line":80,"column":4},"end":{"line":90,"column":null}},"34":{"start":{"line":81,"column":61},"end":{"line":81,"column":82}},"35":{"start":{"line":81,"column":83},"end":{"line":81,"column":102}},"36":{"start":{"line":83,"column":8},"end":{"line":83,"column":null}},"37":{"start":{"line":84,"column":20},"end":{"line":84,"column":81}},"38":{"start":{"line":84,"column":54},"end":{"line":84,"column":80}},"39":{"start":{"line":85,"column":8},"end":{"line":85,"column":null}},"40":{"start":{"line":85,"column":24},"end":{"line":85,"column":null}},"41":{"start":{"line":88,"column":8},"end":{"line":88,"column":null}},"42":{"start":{"line":89,"column":8},"end":{"line":89,"column":null}},"43":{"start":{"line":94,"column":0},"end":{"line":94,"column":null}}},"fnMap":{"0":{"name":"(anonymous_7)","decl":{"start":{"line":12,"column":2},"end":{"line":12,"column":11}},"loc":{"start":{"line":12,"column":13},"end":{"line":16,"column":null}}},"1":{"name":"(anonymous_8)","decl":{"start":{"line":12,"column":13},"end":{"line":12,"column":null}},"loc":{"start":{"line":12,"column":13},"end":{"line":16,"column":3}}},"2":{"name":"(anonymous_9)","decl":{"start":{"line":22,"column":2},"end":{"line":22,"column":9}},"loc":{"start":{"line":22,"column":22},"end":{"line":26,"column":null}}},"3":{"name":"(anonymous_10)","decl":{"start":{"line":22,"column":22},"end":{"line":22,"column":null}},"loc":{"start":{"line":22,"column":22},"end":{"line":26,"column":3}}},"4":{"name":"(anonymous_11)","decl":{"start":{"line":33,"column":27},"end":{"line":33,"column":34}},"loc":{"start":{"line":33,"column":52},"end":{"line":36,"column":2}}},"5":{"name":"(anonymous_12)","decl":{"start":{"line":33,"column":52},"end":{"line":33,"column":null}},"loc":{"start":{"line":33,"column":48},"end":{"line":36,"column":1}}},"6":{"name":"(anonymous_13)","decl":{"start":{"line":55,"column":17},"end":{"line":55,"column":18}},"loc":{"start":{"line":55,"column":29},"end":{"line":91,"column":3}}},"7":{"name":"(anonymous_14)","decl":{"start":{"line":58,"column":45},"end":{"line":58,"column":46}},"loc":{"start":{"line":58,"column":55},"end":{"line":58,"column":100}}},"8":{"name":"(anonymous_15)","decl":{"start":{"line":59,"column":47},"end":{"line":59,"column":48}},"loc":{"start":{"line":59,"column":97},"end":{"line":62,"column":7}}},"9":{"name":"(anonymous_16)","decl":{"start":{"line":63,"column":46},"end":{"line":63,"column":47}},"loc":{"start":{"line":63,"column":64},"end":{"line":66,"column":7}}},"10":{"name":"(anonymous_17)","decl":{"start":{"line":69,"column":46},"end":{"line":69,"column":47}},"loc":{"start":{"line":69,"column":56},"end":{"line":69,"column":101}}},"11":{"name":"(anonymous_18)","decl":{"start":{"line":70,"column":48},"end":{"line":70,"column":49}},"loc":{"start":{"line":70,"column":98},"end":{"line":73,"column":7}}},"12":{"name":"(anonymous_19)","decl":{"start":{"line":74,"column":47},"end":{"line":74,"column":48}},"loc":{"start":{"line":74,"column":65},"end":{"line":77,"column":7}}},"13":{"name":"(anonymous_20)","decl":{"start":{"line":81,"column":48},"end":{"line":81,"column":49}},"loc":{"start":{"line":81,"column":58},"end":{"line":81,"column":103}}},"14":{"name":"(anonymous_21)","decl":{"start":{"line":82,"column":50},"end":{"line":82,"column":51}},"loc":{"start":{"line":82,"column":98},"end":{"line":86,"column":7}}},"15":{"name":"(anonymous_22)","decl":{"start":{"line":84,"column":49},"end":{"line":84,"column":50}},"loc":{"start":{"line":84,"column":54},"end":{"line":84,"column":80}}},"16":{"name":"(anonymous_23)","decl":{"start":{"line":87,"column":49},"end":{"line":87,"column":50}},"loc":{"start":{"line":87,"column":67},"end":{"line":90,"column":7}}}},"branchMap":{"0":{"loc":{"start":{"line":65,"column":22},"end":{"line":65,"column":76}},"type":"binary-expr","locations":[{"start":{"line":65,"column":22},"end":{"line":65,"column":42}},{"start":{"line":65,"column":46},"end":{"line":65,"column":76}}]},"1":{"loc":{"start":{"line":76,"column":22},"end":{"line":76,"column":76}},"type":"binary-expr","locations":[{"start":{"line":76,"column":22},"end":{"line":76,"column":42}},{"start":{"line":76,"column":46},"end":{"line":76,"column":76}}]},"2":{"loc":{"start":{"line":85,"column":8},"end":{"line":85,"column":null}},"type":"if","locations":[{"start":{"line":85,"column":8},"end":{"line":85,"column":null}},{"start":{},"end":{}}]},"3":{"loc":{"start":{"line":89,"column":22},"end":{"line":89,"column":71}},"type":"binary-expr","locations":[{"start":{"line":89,"column":22},"end":{"line":89,"column":42}},{"start":{"line":89,"column":46},"end":{"line":89,"column":71}}]}},"s":{"0":0,"1":0,"2":0,"3":0,"4":0,"5":0,"6":0,"7":0,"8":0,"9":0,"10":0,"11":0,"12":0,"13":0,"14":0,"15":0,"16":0,"17":0,"18":0,"19":0,"20":0,"21":0,"22":0,"23":0,"24":0,"25":0,"26":0,"27":0,"28":0,"29":0,"30":0,"31":0,"32":0,"33":0,"34":0,"35":0,"36":0,"37":0,"38":0,"39":0,"40":0,"41":0,"42":0,"43":0},"f":{"0":0,"1":0,"2":0,"3":0,"4":0,"5":0,"6":0,"7":0,"8":0,"9":0,"10":0,"11":0,"12":0,"13":0,"14":0,"15":0,"16":0},"b":{"0":[0,0],"1":[0,0],"2":[0,0],"3":[0,0]}}
,"C:\\Users\\Anitha\\Assignment\\SSA\\social-support-portal\\src\\utils\\emiratesId.ts": {"path":"C:\\Users\\Anitha\\Assignment\\SSA\\social-support-portal\\src\\utils\\emiratesId.ts","statementMap":{"0":{"start":{"line":1,"column":0},"end":{"line":1,"column":16}},"1":{"start":{"line":2,"column":15},"end":{"line":2,"column":39}},"2":{"start":{"line":4,"column":2},"end":{"line":4,"column":55}},"3":{"start":{"line":4,"column":26},"end":{"line":4,"column":55}},"4":{"start":{"line":7,"column":2},"end":{"line":13,"column":3}},"5":{"start":{"line":8,"column":4},"end":{"line":8,"column":54}},"6":{"start":{"line":9,"column":9},"end":{"line":13,"column":3}},"7":{"start":{"line":10,"column":4},"end":{"line":10,"column":64}},"8":{"start":{"line":11,"column":9},"end":{"line":13,"column":3}},"9":{"start":{"line":12,"column":4},"end":{"line":12,"column":74}},"10":{"start":{"line":15,"column":2},"end":{"line":15,"column":16}},"11":{"start":{"line":18,"column":33},"end":{"line":29,"column":1}},"12":{"start":{"line":20,"column":17},"end":{"line":20,"column":38}},"13":{"start":{"line":23,"column":2},"end":{"line":23,"column":41}},"14":{"start":{"line":23,"column":28},"end":{"line":23,"column":41}},"15":{"start":{"line":26,"column":2},"end":{"line":26,"column":46}},"16":{"start":{"line":26,"column":33},"end":{"line":26,"column":46}},"17":{"start":{"line":28,"column":2},"end":{"line":28,"column":14}},"18":{"start":{"line":18,"column":13},"end":{"line":18,"column":33}}},"fnMap":{"0":{"name":"formatEmiratesId","decl":{"start":{"line":1,"column":16},"end":{"line":1,"column":32}},"loc":{"start":{"line":1,"column":46},"end":{"line":16,"column":1}}},"1":{"name":"(anonymous_1)","decl":{"start":{"line":18,"column":33},"end":{"line":18,"column":34}},"loc":{"start":{"line":18,"column":57},"end":{"line":29,"column":1}}}},"branchMap":{"0":{"loc":{"start":{"line":4,"column":2},"end":{"line":4,"column":55}},"type":"if","locations":[{"start":{"line":4,"column":2},"end":{"line":4,"column":55}},{"start":{},"end":{}}]},"1":{"loc":{"start":{"line":7,"column":2},"end":{"line":13,"column":3}},"type":"if","locations":[{"start":{"line":7,"column":2},"end":{"line":13,"column":3}},{"start":{"line":9,"column":9},"end":{"line":13,"column":3}}]},"2":{"loc":{"start":{"line":7,"column":6},"end":{"line":7,"column":45}},"type":"binary-expr","locations":[{"start":{"line":7,"column":6},"end":{"line":7,"column":23}},{"start":{"line":7,"column":27},"end":{"line":7,"column":45}}]},"3":{"loc":{"start":{"line":9,"column":9},"end":{"line":13,"column":3}},"type":"if","locations":[{"start":{"line":9,"column":9},"end":{"line":13,"column":3}},{"start":{"line":11,"column":9},"end":{"line":13,"column":3}}]},"4":{"loc":{"start":{"line":9,"column":13},"end":{"line":9,"column":53}},"type":"binary-expr","locations":[{"start":{"line":9,"column":13},"end":{"line":9,"column":30}},{"start":{"line":9,"column":34},"end":{"line":9,"column":53}}]},"5":{"loc":{"start":{"line":11,"column":9},"end":{"line":13,"column":3}},"type":"if","locations":[{"start":{"line":11,"column":9},"end":{"line":13,"column":3}},{"start":{},"end":{}}]},"6":{"loc":{"start":{"line":23,"column":2},"end":{"line":23,"column":41}},"type":"if","locations":[{"start":{"line":23,"column":2},"end":{"line":23,"column":41}},{"start":{},"end":{}}]},"7":{"loc":{"start":{"line":26,"column":2},"end":{"line":26,"column":46}},"type":"if","locations":[{"start":{"line":26,"column":2},"end":{"line":26,"column":46}},{"start":{},"end":{}}]}},"s":{"0":0,"1":0,"2":0,"3":0,"4":0,"5":0,"6":0,"7":0,"8":0,"9":0,"10":0,"11":0,"12":0,"13":0,"14":0,"15":0,"16":0,"17":0,"18":0},"f":{"0":0,"1":0},"b":{"0":[0,0],"1":[0,0],"2":[0,0],"3":[0,0],"4":[0,0],"5":[0,0],"6":[0,0],"7":[0,0]}}
,"C:\\Users\\Anitha\\Assignment\\SSA\\social-support-portal\\src\\utils\\toastConfig.ts": {"path":"C:\\Users\\Anitha\\Assignment\\SSA\\social-support-portal\\src\\utils\\toastConfig.ts","statementMap":{"0":{"start":{"line":1,"column":13},"end":{"line":9,"column":2}}},"fnMap":{},"branchMap":{},"s":{"0":0},"f":{},"b":{}}
}
