TN:
SF:src\api\authApi.ts
FN:18,signupUser
FN:24,loginUser
FN:38,getUsers
FN:44,getUser
FNF:4
FNH:0
FNDA:0,signupUser
FNDA:0,loginUser
FNDA:0,getUsers
FNDA:0,getUser
DA:1,0
DA:2,0
DA:12,0
DA:18,0
DA:19,0
DA:20,0
DA:24,0
DA:26,0
DA:30,0
DA:31,0
DA:34,0
DA:38,0
DA:39,0
DA:40,0
DA:44,0
DA:45,0
DA:46,0
LF:17
LH:0
BRDA:30,0,0,0
BRDA:30,0,1,0
BRF:2
BRH:0
end_of_record
TN:
SF:src\api\jsonServer.ts
FN:8,createApplication
FN:13,updateApplication
FN:18,getApplication
FN:23,getApplications
FNF:4
FNH:0
FNDA:0,createApplication
FNDA:0,updateApplication
FNDA:0,getApplication
FNDA:0,getApplications
DA:1,0
DA:3,0
DA:6,0
DA:8,0
DA:9,0
DA:10,0
DA:13,0
DA:14,0
DA:15,0
DA:18,0
DA:19,0
DA:20,0
DA:23,0
DA:24,0
DA:25,0
LF:15
LH:0
BRF:0
BRH:0
end_of_record
TN:
SF:src\components\MultiStepForm\AIAssistModal.tsx
FN:7,AIAssistModal
FN:24,(anonymous_8)
FN:34,(anonymous_9)
FN:34,(anonymous_10)
FN:71,(anonymous_11)
FN:86,(anonymous_12)
FNF:6
FNH:0
FNDA:0,AIAssistModal
FNDA:0,(anonymous_8)
FNDA:0,(anonymous_9)
FNDA:0,(anonymous_10)
FNDA:0,(anonymous_11)
FNDA:0,(anonymous_12)
DA:1,0
DA:2,0
DA:3,0
DA:7,0
DA:18,0
DA:19,0
DA:20,0
DA:21,0
DA:22,0
DA:24,0
DA:25,0
DA:28,0
DA:34,0
DA:35,0
DA:36,0
DA:38,0
DA:39,0
DA:40,0
DA:42,0
DA:43,0
DA:44,0
DA:45,0
DA:49,0
DA:50,0
DA:52,0
DA:53,0
DA:55,0
DA:59,0
DA:71,0
DA:86,0
LF:30
LH:0
BRDA:9,0,0,0
BRDA:35,1,0,0
BRDA:35,1,1,0
BRDA:38,2,0,0
BRDA:38,2,1,0
BRDA:44,3,0,0
BRDA:44,3,1,0
BRDA:53,4,0,0
BRDA:53,4,1,0
BRDA:75,5,0,0
BRDA:75,5,1,0
BRDA:96,6,0,0
BRDA:96,6,1,0
BRDA:100,7,0,0
BRDA:100,7,1,0
BRF:15
BRH:0
end_of_record
TN:
SF:src\components\MultiStepForm\FamilyNFinancialInfo.tsx
FN:22,(anonymous_8)
FN:38,(anonymous_9)
FN:39,(anonymous_10)
FN:42,(anonymous_11)
FN:46,(anonymous_12)
FN:47,(anonymous_13)
FN:47,(anonymous_14)
FN:53,(anonymous_15)
FN:54,(anonymous_16)
FN:59,(anonymous_17)
FNF:10
FNH:0
FNDA:0,(anonymous_8)
FNDA:0,(anonymous_9)
FNDA:0,(anonymous_10)
FNDA:0,(anonymous_11)
FNDA:0,(anonymous_12)
FNDA:0,(anonymous_13)
FNDA:0,(anonymous_14)
FNDA:0,(anonymous_15)
FNDA:0,(anonymous_16)
FNDA:0,(anonymous_17)
DA:1,0
DA:2,0
DA:4,0
DA:5,0
DA:6,0
DA:21,0
DA:23,0
DA:32,0
DA:38,0
DA:39,0
DA:40,0
DA:42,0
DA:46,0
DA:47,0
DA:48,0
DA:49,0
DA:50,0
DA:51,0
DA:53,0
DA:55,0
DA:59,0
DA:60,0
DA:62,0
DA:131,0
LF:24
LH:0
BRDA:40,0,0,0
BRDA:40,0,1,0
BRDA:40,1,0,0
BRDA:40,1,1,0
BRDA:50,2,0,0
BRDA:50,2,1,0
BRDA:55,3,0,0
BRDA:55,3,1,0
BRDA:55,4,0,0
BRDA:55,4,1,0
BRDA:60,5,0,0
BRDA:60,5,1,0
BRDA:60,6,0,0
BRDA:60,6,1,0
BRDA:78,7,0,0
BRDA:78,7,1,0
BRDA:90,8,0,0
BRDA:90,8,1,0
BRDA:101,9,0,0
BRDA:101,9,1,0
BRDA:113,10,0,0
BRDA:113,10,1,0
BRDA:124,11,0,0
BRDA:124,11,1,0
BRF:24
BRH:0
end_of_record
TN:
SF:src\components\MultiStepForm\FormFooter.tsx
FN:14,FormFooter
FN:18,(anonymous_9)
FN:22,(anonymous_10)
FN:22,(anonymous_11)
FN:39,(anonymous_12)
FN:49,(anonymous_13)
FN:50,(anonymous_14)
FNF:7
FNH:0
FNDA:0,FormFooter
FNDA:0,(anonymous_9)
FNDA:0,(anonymous_10)
FNDA:0,(anonymous_11)
FNDA:0,(anonymous_12)
FNDA:0,(anonymous_13)
FNDA:0,(anonymous_14)
DA:1,0
DA:2,0
DA:3,0
DA:4,0
DA:14,0
DA:15,0
DA:16,0
DA:18,0
DA:19,0
DA:22,0
DA:23,0
DA:24,0
DA:25,0
DA:26,0
DA:29,0
DA:30,0
DA:31,0
DA:34,0
DA:37,0
DA:39,0
DA:40,0
DA:46,0
DA:49,0
DA:50,0
LF:24
LH:0
BRDA:14,0,0,0
BRDA:23,1,0,0
BRDA:23,1,1,0
BRDA:23,2,0,0
BRDA:23,2,1,0
BRDA:24,3,0,0
BRDA:24,3,1,0
BRDA:26,4,0,0
BRDA:26,4,1,0
BRDA:29,5,0,0
BRDA:29,5,1,0
BRDA:30,6,0,0
BRDA:30,6,1,0
BRDA:41,7,0,0
BRDA:41,7,1,0
BRDA:56,8,0,0
BRDA:56,8,1,0
BRDA:57,9,0,0
BRDA:57,9,1,0
BRDA:68,10,0,0
BRDA:68,10,1,0
BRDA:69,11,0,0
BRDA:69,11,1,0
BRDA:70,12,0,0
BRDA:70,12,1,0
BRDA:71,13,0,0
BRDA:71,13,1,0
BRF:27
BRH:0
end_of_record
TN:
SF:src\components\MultiStepForm\Header.tsx
FN:8,Header
FNF:1
FNH:0
FNDA:0,Header
DA:1,0
DA:8,0
DA:9,0
DA:10,0
LF:4
LH:0
BRDA:13,0,0,0
BRDA:13,0,1,0
BRF:2
BRH:0
end_of_record
TN:
SF:src\components\MultiStepForm\PersonalInfo.tsx
FN:23,(anonymous_8)
FN:40,(anonymous_9)
FN:41,(anonymous_10)
FN:47,(anonymous_11)
FN:51,(anonymous_12)
FN:52,(anonymous_13)
FN:52,(anonymous_14)
FN:58,(anonymous_15)
FN:59,(anonymous_16)
FN:64,(anonymous_17)
FN:69,(anonymous_18)
FN:77,(anonymous_19)
FN:105,(anonymous_20)
FNF:13
FNH:0
FNDA:0,(anonymous_8)
FNDA:0,(anonymous_9)
FNDA:0,(anonymous_10)
FNDA:0,(anonymous_11)
FNDA:0,(anonymous_12)
FNDA:0,(anonymous_13)
FNDA:0,(anonymous_14)
FNDA:0,(anonymous_15)
FNDA:0,(anonymous_16)
FNDA:0,(anonymous_17)
FNDA:0,(anonymous_18)
FNDA:0,(anonymous_19)
FNDA:0,(anonymous_20)
DA:1,0
DA:2,0
DA:4,0
DA:5,0
DA:6,0
DA:7,0
DA:8,0
DA:22,0
DA:24,0
DA:34,0
DA:40,0
DA:41,0
DA:42,0
DA:47,0
DA:51,0
DA:52,0
DA:53,0
DA:54,0
DA:55,0
DA:56,0
DA:58,0
DA:60,0
DA:64,0
DA:65,0
DA:69,0
DA:70,0
DA:71,0
DA:72,0
DA:73,0
DA:74,0
DA:77,0
DA:78,0
DA:79,0
DA:80,0
DA:81,0
DA:84,0
DA:106,0
DA:180,0
LF:38
LH:0
BRDA:23,0,0,0
BRDA:36,1,0,0
BRDA:36,1,1,0
BRDA:36,2,0,0
BRDA:36,2,1,0
BRDA:42,3,0,0
BRDA:42,3,1,0
BRDA:42,4,0,0
BRDA:42,4,1,0
BRDA:44,5,0,0
BRDA:44,5,1,0
BRDA:55,6,0,0
BRDA:55,6,1,0
BRDA:60,7,0,0
BRDA:60,7,1,0
BRDA:60,8,0,0
BRDA:60,8,1,0
BRDA:65,9,0,0
BRDA:65,9,1,0
BRDA:66,10,0,0
BRDA:66,10,1,0
BRDA:70,11,0,0
BRDA:70,11,1,0
BRDA:78,12,0,0
BRDA:78,12,1,0
BRDA:79,13,0,0
BRDA:79,13,1,0
BRDA:79,14,0,0
BRDA:79,14,1,0
BRDA:79,15,0,0
BRDA:79,15,1,0
BRDA:94,16,0,0
BRDA:94,16,1,0
BRDA:106,17,0,0
BRDA:106,17,1,0
BRDA:106,17,2,0
BRDA:114,18,0,0
BRDA:114,18,1,0
BRDA:127,19,0,0
BRDA:127,19,1,0
BRDA:128,20,0,0
BRDA:128,20,1,0
BRDA:138,21,0,0
BRDA:138,21,1,0
BRDA:158,22,0,0
BRDA:158,22,1,0
BRDA:171,23,0,0
BRDA:171,23,1,0
BRF:48
BRH:0
end_of_record
TN:
SF:src\components\MultiStepForm\ProgressBar.tsx
FN:8,ProgressBar
FN:29,(anonymous_1)
FN:61,(anonymous_2)
FNF:3
FNH:0
FNDA:0,ProgressBar
FNDA:0,(anonymous_1)
FNDA:0,(anonymous_2)
DA:1,0
DA:8,0
DA:9,0
DA:11,0
DA:12,0
DA:18,0
DA:30,0
DA:32,0
DA:33,0
DA:35,0
DA:62,0
LF:11
LH:0
BRDA:44,0,0,0
BRDA:44,0,1,0
BRDA:50,1,0,0
BRDA:50,1,1,0
BRF:4
BRH:0
end_of_record
TN:
SF:src\components\MultiStepForm\SituationDescriptions.tsx
FN:25,(anonymous_8)
FN:44,(anonymous_9)
FN:45,(anonymous_10)
FN:46,(anonymous_11)
FN:50,(anonymous_12)
FN:51,(anonymous_13)
FN:51,(anonymous_14)
FN:57,(anonymous_15)
FN:58,(anonymous_16)
FN:63,(anonymous_17)
FN:74,(anonymous_18)
FN:90,(anonymous_19)
FN:96,(anonymous_20)
FN:115,(anonymous_21)
FN:133,(anonymous_22)
FN:134,(anonymous_23)
FNF:16
FNH:0
FNDA:0,(anonymous_8)
FNDA:0,(anonymous_9)
FNDA:0,(anonymous_10)
FNDA:0,(anonymous_11)
FNDA:0,(anonymous_12)
FNDA:0,(anonymous_13)
FNDA:0,(anonymous_14)
FNDA:0,(anonymous_15)
FNDA:0,(anonymous_16)
FNDA:0,(anonymous_17)
FNDA:0,(anonymous_18)
FNDA:0,(anonymous_19)
FNDA:0,(anonymous_20)
FNDA:0,(anonymous_21)
FNDA:0,(anonymous_22)
FNDA:0,(anonymous_23)
DA:1,0
DA:2,0
DA:3,0
DA:5,0
DA:6,0
DA:7,0
DA:8,0
DA:22,0
DA:26,0
DA:36,0
DA:41,0
DA:44,0
DA:45,0
DA:46,0
DA:50,0
DA:51,0
DA:52,0
DA:53,0
DA:54,0
DA:55,0
DA:57,0
DA:59,0
DA:63,0
DA:64,0
DA:68,0
DA:74,0
DA:75,0
DA:77,0
DA:79,0
DA:81,0
DA:83,0
DA:87,0
DA:91,0
DA:96,0
DA:115,0
DA:133,0
DA:135,0
DA:136,0
DA:144,0
LF:39
LH:0
BRDA:45,0,0,0
BRDA:45,0,1,0
BRDA:45,1,0,0
BRDA:45,1,1,0
BRDA:54,2,0,0
BRDA:54,2,1,0
BRDA:59,3,0,0
BRDA:59,3,1,0
BRDA:59,4,0,0
BRDA:59,4,1,0
BRDA:65,5,0,0
BRDA:65,5,1,0
BRDA:66,6,0,0
BRDA:66,6,1,0
BRDA:75,7,0,0
BRDA:75,7,1,0
BRDA:75,7,2,0
BRDA:75,7,3,0
BRDA:106,8,0,0
BRDA:106,8,1,0
BRDA:107,9,0,0
BRDA:107,9,1,0
BRDA:107,10,0,0
BRDA:107,10,1,0
BRDA:112,11,0,0
BRDA:112,11,1,0
BRDA:129,12,0,0
BRDA:129,12,1,0
BRF:28
BRH:0
end_of_record
TN:
SF:src\components\MultiStepForm\index.tsx
FN:33,MultiStepForm
FN:35,(anonymous_9)
FN:37,(anonymous_10)
FN:57,(anonymous_11)
FN:71,(anonymous_12)
FN:72,(anonymous_13)
FN:89,(anonymous_14)
FN:98,(anonymous_15)
FN:107,(anonymous_16)
FN:107,(anonymous_17)
FNF:10
FNH:0
FNDA:0,MultiStepForm
FNDA:0,(anonymous_9)
FNDA:0,(anonymous_10)
FNDA:0,(anonymous_11)
FNDA:0,(anonymous_12)
FNDA:0,(anonymous_13)
FNDA:0,(anonymous_14)
FNDA:0,(anonymous_15)
FNDA:0,(anonymous_16)
FNDA:0,(anonymous_17)
DA:1,0
DA:2,0
DA:4,0
DA:6,0
DA:7,0
DA:8,0
DA:9,0
DA:10,0
DA:11,0
DA:12,0
DA:19,0
DA:24,0
DA:25,0
DA:26,0
DA:33,0
DA:34,0
DA:35,0
DA:36,0
DA:37,0
DA:39,0
DA:40,0
DA:41,0
DA:43,0
DA:46,0
DA:49,0
DA:53,0
DA:54,0
DA:57,0
DA:58,0
DA:60,0
DA:61,0
DA:62,0
DA:65,0
DA:66,0
DA:67,0
DA:68,0
DA:71,0
DA:72,0
DA:73,0
DA:74,0
DA:77,0
DA:78,0
DA:79,0
DA:81,0
DA:83,0
DA:84,0
DA:85,0
DA:86,0
DA:87,0
DA:89,0
DA:90,0
DA:91,0
DA:92,0
DA:93,0
DA:94,0
DA:98,0
DA:99,0
DA:100,0
DA:101,0
DA:102,0
DA:103,0
DA:107,0
DA:108,0
DA:109,0
DA:110,0
DA:112,0
DA:114,0
DA:115,0
DA:116,0
DA:118,0
DA:119,0
DA:120,0
DA:121,0
DA:127,0
DA:129,0
DA:138,0
DA:139,0
DA:140,0
DA:142,0
DA:143,0
DA:145,0
DA:149,0
LF:82
LH:0
BRDA:44,0,0,0
BRDA:44,0,1,0
BRDA:44,1,0,0
BRDA:44,1,1,0
BRDA:44,2,0,0
BRDA:44,2,1,0
BRDA:44,3,0,0
BRDA:44,3,1,0
BRDA:47,4,0,0
BRDA:47,4,1,0
BRDA:47,5,0,0
BRDA:47,5,1,0
BRDA:47,6,0,0
BRDA:47,6,1,0
BRDA:47,7,0,0
BRDA:47,7,1,0
BRDA:50,8,0,0
BRDA:50,8,1,0
BRDA:50,9,0,0
BRDA:50,9,1,0
BRDA:50,10,0,0
BRDA:50,10,1,0
BRDA:50,11,0,0
BRDA:50,11,1,0
BRDA:60,12,0,0
BRDA:60,12,1,0
BRDA:60,13,0,0
BRDA:60,13,1,0
BRDA:60,14,0,0
BRDA:60,14,1,0
BRDA:60,15,0,0
BRDA:60,15,1,0
BRDA:61,16,0,0
BRDA:61,16,1,0
BRDA:61,17,0,0
BRDA:61,17,1,0
BRDA:61,18,0,0
BRDA:61,18,1,0
BRDA:61,19,0,0
BRDA:61,19,1,0
BRDA:62,20,0,0
BRDA:62,20,1,0
BRDA:62,21,0,0
BRDA:62,21,1,0
BRDA:62,22,0,0
BRDA:62,22,1,0
BRDA:62,23,0,0
BRDA:62,23,1,0
BRDA:65,24,0,0
BRDA:65,24,1,0
BRDA:65,25,0,0
BRDA:65,25,1,0
BRDA:65,26,0,0
BRDA:65,26,1,0
BRDA:65,27,0,0
BRDA:65,27,1,0
BRDA:65,28,0,0
BRDA:65,28,1,0
BRDA:65,29,0,0
BRDA:65,29,1,0
BRDA:66,30,0,0
BRDA:66,30,1,0
BRDA:66,31,0,0
BRDA:66,31,1,0
BRDA:66,32,0,0
BRDA:66,32,1,0
BRDA:66,33,0,0
BRDA:66,33,1,0
BRDA:66,34,0,0
BRDA:66,34,1,0
BRDA:66,35,0,0
BRDA:66,35,1,0
BRDA:67,36,0,0
BRDA:67,36,1,0
BRDA:67,37,0,0
BRDA:67,37,1,0
BRDA:67,38,0,0
BRDA:67,38,1,0
BRDA:67,39,0,0
BRDA:67,39,1,0
BRDA:67,40,0,0
BRDA:67,40,1,0
BRDA:67,41,0,0
BRDA:67,41,1,0
BRDA:74,42,0,0
BRDA:74,42,1,0
BRDA:74,42,2,0
BRDA:84,43,0,0
BRDA:84,43,1,0
BRDA:85,44,0,0
BRDA:85,44,1,0
BRDA:86,45,0,0
BRDA:86,45,1,0
BRDA:90,46,0,0
BRDA:90,46,1,0
BRDA:90,46,2,0
BRDA:90,46,3,0
BRDA:99,47,0,0
BRDA:99,47,1,0
BRDA:99,47,2,0
BRDA:99,47,3,0
BRDA:108,48,0,0
BRDA:108,48,1,0
BRDA:108,49,0,0
BRDA:108,49,1,0
BRDA:108,50,0,0
BRDA:108,50,1,0
BRDA:108,51,0,0
BRDA:108,51,1,0
BRDA:109,52,0,0
BRDA:109,52,1,0
BRDA:109,53,0,0
BRDA:109,53,1,0
BRDA:109,54,0,0
BRDA:109,54,1,0
BRDA:109,55,0,0
BRDA:109,55,1,0
BRDA:110,56,0,0
BRDA:110,56,1,0
BRDA:110,57,0,0
BRDA:110,57,1,0
BRDA:110,58,0,0
BRDA:110,58,1,0
BRDA:110,59,0,0
BRDA:110,59,1,0
BRDA:112,60,0,0
BRDA:112,60,1,0
BRDA:112,61,0,0
BRDA:112,61,1,0
BRDA:112,61,2,0
BRDA:114,62,0,0
BRDA:114,62,1,0
BRDA:114,63,0,0
BRDA:114,63,1,0
BRDA:115,64,0,0
BRDA:115,64,1,0
BRDA:115,65,0,0
BRDA:115,65,1,0
BRDA:116,66,0,0
BRDA:116,66,1,0
BRDA:116,67,0,0
BRDA:116,67,1,0
BRDA:120,68,0,0
BRDA:120,68,1,0
BRDA:127,69,0,0
BRDA:127,69,1,0
BRDA:127,70,0,0
BRDA:127,70,1,0
BRDA:160,71,0,0
BRDA:160,71,1,0
BRDA:163,72,0,0
BRDA:163,72,1,0
BRDA:163,73,0,0
BRDA:163,73,1,0
BRDA:163,74,0,0
BRDA:163,74,1,0
BRDA:163,75,0,0
BRDA:163,75,1,0
BRDA:169,76,0,0
BRDA:169,76,1,0
BRDA:178,77,0,0
BRDA:178,77,1,0
BRF:162
BRH:0
end_of_record
TN:
SF:src\components\admin\AdminDashboard.tsx
FN:13,AdminDashboard
FN:15,(anonymous_9)
FN:24,(anonymous_10)
FN:28,(anonymous_11)
FN:28,(anonymous_12)
FN:41,(anonymous_13)
FN:42,(anonymous_14)
FN:47,(anonymous_15)
FN:49,(anonymous_16)
FN:60,(anonymous_17)
FN:63,(anonymous_18)
FN:76,(anonymous_19)
FN:76,(anonymous_20)
FN:77,(anonymous_21)
FN:77,(anonymous_22)
FN:97,(anonymous_23)
FN:122,(anonymous_24)
FN:136,(anonymous_25)
FN:144,(anonymous_26)
FN:152,(anonymous_27)
FNF:20
FNH:0
FNDA:0,AdminDashboard
FNDA:0,(anonymous_9)
FNDA:0,(anonymous_10)
FNDA:0,(anonymous_11)
FNDA:0,(anonymous_12)
FNDA:0,(anonymous_13)
FNDA:0,(anonymous_14)
FNDA:0,(anonymous_15)
FNDA:0,(anonymous_16)
FNDA:0,(anonymous_17)
FNDA:0,(anonymous_18)
FNDA:0,(anonymous_19)
FNDA:0,(anonymous_20)
FNDA:0,(anonymous_21)
FNDA:0,(anonymous_22)
FNDA:0,(anonymous_23)
FNDA:0,(anonymous_24)
FNDA:0,(anonymous_25)
FNDA:0,(anonymous_26)
FNDA:0,(anonymous_27)
DA:1,0
DA:2,0
DA:4,0
DA:5,0
DA:6,0
DA:7,0
DA:8,0
DA:9,0
DA:10,0
DA:11,0
DA:13,0
DA:14,0
DA:15,0
DA:16,0
DA:18,0
DA:19,0
DA:20,0
DA:21,0
DA:22,0
DA:24,0
DA:25,0
DA:28,0
DA:29,0
DA:30,0
DA:31,0
DA:36,0
DA:37,0
DA:41,0
DA:42,0
DA:43,0
DA:44,0
DA:47,0
DA:49,0
DA:50,0
DA:51,0
DA:52,0
DA:53,0
DA:54,0
DA:55,0
DA:60,0
DA:61,0
DA:62,0
DA:63,0
DA:64,0
DA:72,0
DA:73,0
DA:74,0
DA:76,0
DA:77,0
DA:79,0
DA:81,0
DA:97,0
DA:122,0
DA:136,0
DA:144,0
DA:152,0
LF:56
LH:0
BRDA:32,0,0,0
BRDA:32,0,1,0
BRDA:43,1,0,0
BRDA:43,1,1,0
BRDA:50,2,0,0
BRDA:50,2,1,0
BRDA:50,2,2,0
BRDA:50,2,3,0
BRDA:50,2,4,0
BRDA:61,3,0,0
BRDA:61,3,1,0
BRDA:64,4,0,0
BRDA:64,4,1,0
BRDA:64,4,2,0
BRDA:64,4,3,0
BRDA:64,4,4,0
BRDA:64,5,0,0
BRDA:64,5,1,0
BRDA:64,6,0,0
BRDA:64,6,1,0
BRDA:64,7,0,0
BRDA:64,7,1,0
BRDA:64,8,0,0
BRDA:64,8,1,0
BRDA:65,9,0,0
BRDA:65,9,1,0
BRDA:65,10,0,0
BRDA:65,10,1,0
BRDA:65,11,0,0
BRDA:65,11,1,0
BRDA:65,12,0,0
BRDA:65,12,1,0
BRDA:66,13,0,0
BRDA:66,13,1,0
BRDA:66,14,0,0
BRDA:66,14,1,0
BRDA:67,15,0,0
BRDA:67,15,1,0
BRDA:67,16,0,0
BRDA:67,16,1,0
BRDA:67,17,0,0
BRDA:67,17,1,0
BRDA:67,18,0,0
BRDA:67,18,1,0
BRDA:68,19,0,0
BRDA:68,19,1,0
BRDA:68,20,0,0
BRDA:68,20,1,0
BRDA:68,21,0,0
BRDA:68,21,1,0
BRDA:68,22,0,0
BRDA:68,22,1,0
BRDA:79,23,0,0
BRDA:79,23,1,0
BRDA:82,24,0,0
BRDA:82,24,1,0
BRDA:82,25,0,0
BRDA:82,25,1,0
BRDA:91,26,0,0
BRDA:91,26,1,0
BRDA:103,27,0,0
BRDA:103,27,1,0
BRDA:123,28,0,0
BRDA:123,28,1,0
BRDA:125,29,0,0
BRDA:125,29,1,0
BRDA:125,30,0,0
BRDA:125,30,1,0
BRDA:125,31,0,0
BRDA:125,31,1,0
BRDA:126,32,0,0
BRDA:126,32,1,0
BRDA:126,33,0,0
BRDA:126,33,1,0
BRDA:126,34,0,0
BRDA:126,34,1,0
BRDA:127,35,0,0
BRDA:127,35,1,0
BRDA:127,36,0,0
BRDA:127,36,1,0
BRDA:127,37,0,0
BRDA:127,37,1,0
BRDA:128,38,0,0
BRDA:128,38,1,0
BRDA:128,39,0,0
BRDA:128,39,1,0
BRDA:128,40,0,0
BRDA:128,40,1,0
BRDA:129,41,0,0
BRDA:129,41,1,0
BRDA:129,42,0,0
BRDA:129,42,1,0
BRDA:129,43,0,0
BRDA:129,43,1,0
BRDA:130,44,0,0
BRDA:130,44,1,0
BRDA:130,45,0,0
BRDA:130,45,1,0
BRDA:131,46,0,0
BRDA:131,46,1,0
BRDA:133,47,0,0
BRDA:133,47,1,0
BRDA:134,48,0,0
BRDA:134,48,1,0
BRDA:141,49,0,0
BRDA:141,49,1,0
BRDA:149,50,0,0
BRDA:149,50,1,0
BRDA:165,51,0,0
BRDA:165,51,1,0
BRDA:186,52,0,0
BRDA:186,52,1,0
BRF:112
BRH:0
end_of_record
TN:
SF:src\components\auth\ProtectedRoute.tsx
FN:11,ProtectedRoute
FNF:1
FNH:0
FNDA:0,ProtectedRoute
DA:2,0
DA:11,0
DA:16,0
DA:17,0
DA:19,0
LF:5
LH:0
BRDA:13,0,0,0
BRDA:16,1,0,0
BRDA:16,1,1,0
BRF:3
BRH:0
end_of_record
TN:
SF:src\components\auth\SignInSignUp.tsx
FN:17,SignInSignUp
FN:20,(anonymous_9)
FN:45,(anonymous_10)
FN:52,(anonymous_11)
FN:56,(anonymous_12)
FN:56,(anonymous_13)
FN:87,(anonymous_14)
FN:97,(anonymous_15)
FN:104,(anonymous_16)
FNF:9
FNH:0
FNDA:0,SignInSignUp
FNDA:0,(anonymous_9)
FNDA:0,(anonymous_10)
FNDA:0,(anonymous_11)
FNDA:0,(anonymous_12)
FNDA:0,(anonymous_13)
FNDA:0,(anonymous_14)
FNDA:0,(anonymous_15)
FNDA:0,(anonymous_16)
DA:1,0
DA:2,0
DA:3,0
DA:4,0
DA:5,0
DA:6,0
DA:7,0
DA:8,0
DA:17,0
DA:18,0
DA:19,0
DA:20,0
DA:22,0
DA:32,0
DA:42,0
DA:45,0
DA:46,0
DA:47,0
DA:48,0
DA:52,0
DA:53,0
DA:56,0
DA:57,0
DA:58,0
DA:59,0
DA:60,0
DA:61,0
DA:63,0
DA:66,0
DA:67,0
DA:68,0
DA:69,0
DA:72,0
DA:73,0
DA:74,0
DA:75,0
DA:76,0
DA:78,0
DA:82,0
DA:83,0
DA:87,0
DA:88,0
DA:91,0
DA:97,0
DA:104,0
LF:45
LH:0
BRDA:46,0,0,0
BRDA:46,0,1,0
BRDA:46,1,0,0
BRDA:46,1,1,0
BRDA:58,2,0,0
BRDA:58,2,1,0
BRDA:60,3,0,0
BRDA:60,3,1,0
BRDA:63,4,0,0
BRDA:63,4,1,0
BRDA:67,5,0,0
BRDA:67,5,1,0
BRDA:73,6,0,0
BRDA:73,6,1,0
BRDA:78,7,0,0
BRDA:78,7,1,0
BRDA:98,8,0,0
BRDA:98,8,1,0
BRDA:105,9,0,0
BRDA:105,9,1,0
BRDA:128,10,0,0
BRDA:128,10,1,0
BRDA:132,11,0,0
BRDA:132,11,1,0
BRDA:137,12,0,0
BRDA:137,12,1,0
BRDA:139,13,0,0
BRDA:139,13,1,0
BRDA:150,14,0,0
BRDA:150,14,1,0
BRDA:152,15,0,0
BRDA:152,15,1,0
BRDA:163,16,0,0
BRDA:163,16,1,0
BRDA:165,17,0,0
BRDA:165,17,1,0
BRDA:173,18,0,0
BRDA:173,18,1,0
BRDA:174,19,0,0
BRDA:174,19,1,0
BRDA:175,20,0,0
BRDA:175,20,1,0
BRDA:176,21,0,0
BRDA:176,21,1,0
BRF:44
BRH:0
end_of_record
TN:
SF:src\components\layout\AppLayout.tsx
FN:8,AppLayout
FNF:1
FNH:0
FNDA:0,AppLayout
DA:2,0
DA:8,0
DA:9,0
LF:3
LH:0
BRF:0
BRH:0
end_of_record
TN:
SF:src\components\layout\Background.tsx
FN:3,Background
FN:9,(anonymous_1)
FN:15,(anonymous_2)
FN:34,(anonymous_3)
FN:52,(anonymous_4)
FN:92,(anonymous_5)
FN:100,(anonymous_6)
FNF:7
FNH:0
FNDA:0,Background
FNDA:0,(anonymous_1)
FNDA:0,(anonymous_2)
FNDA:0,(anonymous_3)
FNDA:0,(anonymous_4)
FNDA:0,(anonymous_5)
FNDA:0,(anonymous_6)
DA:1,0
DA:3,0
DA:4,0
DA:5,0
DA:6,0
DA:7,0
DA:9,0
DA:10,0
DA:11,0
DA:12,0
DA:13,0
DA:15,0
DA:16,0
DA:17,0
DA:19,0
DA:21,0
DA:22,0
DA:24,0
DA:25,0
DA:34,0
DA:35,0
DA:36,0
DA:37,0
DA:40,0
DA:41,0
DA:42,0
DA:43,0
DA:45,0
DA:46,0
DA:47,0
DA:48,0
DA:49,0
DA:52,0
DA:54,0
DA:55,0
DA:58,0
DA:59,0
DA:62,0
DA:63,0
DA:64,0
DA:65,0
DA:66,0
DA:68,0
DA:69,0
DA:71,0
DA:72,0
DA:74,0
DA:75,0
DA:77,0
DA:78,0
DA:79,0
DA:81,0
DA:82,0
DA:83,0
DA:84,0
DA:87,0
DA:90,0
DA:92,0
DA:93,0
DA:94,0
DA:97,0
DA:98,0
DA:100,0
DA:101,0
DA:102,0
DA:106,0
LF:66
LH:0
BRDA:11,0,0,0
BRDA:11,0,1,0
BRDA:13,1,0,0
BRDA:13,1,1,0
BRDA:65,2,0,0
BRDA:65,2,1,0
BRDA:74,3,0,0
BRDA:74,3,1,0
BRDA:74,4,0,0
BRDA:74,4,1,0
BRDA:75,5,0,0
BRDA:75,5,1,0
BRDA:75,6,0,0
BRDA:75,6,1,0
BRF:14
BRH:0
end_of_record
TN:
SF:src\components\layout\Loader.tsx
FN:6,Loader
FNF:1
FNH:0
FNDA:0,Loader
DA:6,0
DA:7,0
DA:8,0
LF:3
LH:0
BRDA:6,0,0,0
BRDA:6,1,0,0
BRF:2
BRH:0
end_of_record
TN:
SF:src\components\layout\ui\Button.tsx
FN:10,(anonymous_2)
FNF:1
FNH:0
FNDA:0,(anonymous_2)
DA:2,0
DA:10,0
DA:14,0
DA:15,0
DA:17,0
DA:19,0
DA:25,0
DA:31,0
DA:41,0
LF:9
LH:0
BRDA:13,0,0,0
BRDA:14,1,0,0
BRF:2
BRH:0
end_of_record
TN:
SF:src\components\layout\ui\Modal.tsx
FN:10,Modal
FN:11,(anonymous_1)
FN:12,(anonymous_2)
FN:16,(anonymous_3)
FNF:4
FNH:0
FNDA:0,Modal
FNDA:0,(anonymous_1)
FNDA:0,(anonymous_2)
FNDA:0,(anonymous_3)
DA:1,0
DA:2,0
DA:10,0
DA:11,0
DA:12,0
DA:13,0
DA:15,0
DA:16,0
DA:19,0
LF:9
LH:0
BRDA:13,0,0,0
BRDA:13,0,1,0
BRF:2
BRH:0
end_of_record
TN:
SF:src\components\user\UserRequests.tsx
FN:11,UserRequests
FN:16,(anonymous_2)
FN:18,(anonymous_3)
FN:27,(anonymous_4)
FN:37,(anonymous_5)
FN:38,(anonymous_6)
FN:43,(anonymous_7)
FN:57,(anonymous_8)
FN:57,(anonymous_9)
FN:58,(anonymous_10)
FN:59,(anonymous_11)
FN:61,(anonymous_12)
FN:66,(anonymous_13)
FN:141,(anonymous_14)
FN:165,(anonymous_15)
FN:172,(anonymous_16)
FNF:16
FNH:0
FNDA:0,UserRequests
FNDA:0,(anonymous_2)
FNDA:0,(anonymous_3)
FNDA:0,(anonymous_4)
FNDA:0,(anonymous_5)
FNDA:0,(anonymous_6)
FNDA:0,(anonymous_7)
FNDA:0,(anonymous_8)
FNDA:0,(anonymous_9)
FNDA:0,(anonymous_10)
FNDA:0,(anonymous_11)
FNDA:0,(anonymous_12)
FNDA:0,(anonymous_13)
FNDA:0,(anonymous_14)
FNDA:0,(anonymous_15)
FNDA:0,(anonymous_16)
DA:1,0
DA:2,0
DA:3,0
DA:6,0
DA:7,0
DA:8,0
DA:9,0
DA:11,0
DA:12,0
DA:13,0
DA:14,0
DA:16,0
DA:17,0
DA:18,0
DA:21,0
DA:22,0
DA:23,0
DA:25,0
DA:27,0
DA:28,0
DA:29,0
DA:30,0
DA:32,0
DA:33,0
DA:37,0
DA:38,0
DA:39,0
DA:40,0
DA:43,0
DA:44,0
DA:50,0
DA:51,0
DA:52,0
DA:57,0
DA:58,0
DA:59,0
DA:61,0
DA:62,0
DA:63,0
DA:66,0
DA:67,0
DA:68,0
DA:69,0
DA:70,0
DA:71,0
DA:72,0
DA:76,0
DA:143,0
DA:144,0
DA:165,0
DA:172,0
LF:51
LH:0
BRDA:28,0,0,0
BRDA:28,0,1,0
BRDA:32,1,0,0
BRDA:32,1,1,0
BRDA:44,2,0,0
BRDA:44,2,1,0
BRDA:44,2,2,0
BRDA:44,2,3,0
BRDA:44,3,0,0
BRDA:44,3,1,0
BRDA:44,4,0,0
BRDA:44,4,1,0
BRDA:44,5,0,0
BRDA:44,5,1,0
BRDA:45,6,0,0
BRDA:45,6,1,0
BRDA:46,7,0,0
BRDA:46,7,1,0
BRDA:46,8,0,0
BRDA:46,8,1,0
BRDA:46,9,0,0
BRDA:46,9,1,0
BRDA:47,10,0,0
BRDA:47,10,1,0
BRDA:47,11,0,0
BRDA:47,11,1,0
BRDA:47,12,0,0
BRDA:47,12,1,0
BRDA:62,13,0,0
BRDA:62,13,1,0
BRDA:67,14,0,0
BRDA:67,14,1,0
BRDA:67,14,2,0
BRDA:67,14,3,0
BRDA:67,14,4,0
BRDA:78,15,0,0
BRDA:78,15,1,0
BRDA:80,16,0,0
BRDA:80,16,1,0
BRDA:96,17,0,0
BRDA:96,17,1,0
BRDA:105,18,0,0
BRDA:105,18,1,0
BRDA:118,19,0,0
BRDA:118,19,1,0
BRDA:119,20,0,0
BRDA:119,20,1,0
BRDA:120,21,0,0
BRDA:120,21,1,0
BRDA:120,21,2,0
BRDA:120,21,3,0
BRDA:124,22,0,0
BRDA:124,22,1,0
BRDA:124,22,2,0
BRDA:124,22,3,0
BRDA:143,23,0,0
BRDA:143,23,1,0
BRDA:147,24,0,0
BRDA:147,24,1,0
BRDA:150,25,0,0
BRDA:150,25,1,0
BRDA:150,26,0,0
BRDA:150,26,1,0
BRDA:150,27,0,0
BRDA:150,27,1,0
BRDA:151,28,0,0
BRDA:151,28,1,0
BRDA:151,29,0,0
BRDA:151,29,1,0
BRDA:151,30,0,0
BRDA:151,30,1,0
BRDA:152,31,0,0
BRDA:152,31,1,0
BRDA:152,32,0,0
BRDA:152,32,1,0
BRDA:152,33,0,0
BRDA:152,33,1,0
BRDA:153,34,0,0
BRDA:153,34,1,0
BRDA:153,35,0,0
BRDA:153,35,1,0
BRDA:153,36,0,0
BRDA:153,36,1,0
BRDA:154,37,0,0
BRDA:154,37,1,0
BRDA:154,38,0,0
BRDA:154,38,1,0
BRDA:154,39,0,0
BRDA:154,39,1,0
BRDA:155,40,0,0
BRDA:155,40,1,0
BRDA:155,41,0,0
BRDA:155,41,1,0
BRDA:156,42,0,0
BRDA:156,42,1,0
BRDA:159,43,0,0
BRDA:159,43,1,0
BRDA:163,44,0,0
BRDA:163,44,1,0
BRDA:170,45,0,0
BRDA:170,45,1,0
BRDA:188,46,0,0
BRDA:188,46,1,0
BRF:103
BRH:0
end_of_record
TN:
SF:src\models\index.ts
FNF:0
FNH:0
DA:1,0
DA:2,0
DA:3,0
LF:3
LH:0
BRF:0
BRH:0
end_of_record
TN:
SF:src\models\defaultValues\values.ts
FNF:0
FNH:0
DA:4,0
DA:12,0
DA:20,0
DA:26,0
LF:4
LH:0
BRF:0
BRH:0
end_of_record
TN:
SF:src\models\enums\enum.ts
FNF:0
FNH:0
DA:1,0
DA:10,0
DA:19,0
LF:3
LH:0
BRF:0
BRH:0
end_of_record
TN:
SF:src\pages\AppPage.tsx
FN:15,AppPage
FN:25,(anonymous_2)
FN:41,(anonymous_3)
FN:48,(anonymous_4)
FN:51,(anonymous_5)
FNF:5
FNH:0
FNDA:0,AppPage
FNDA:0,(anonymous_2)
FNDA:0,(anonymous_3)
FNDA:0,(anonymous_4)
FNDA:0,(anonymous_5)
DA:1,0
DA:2,0
DA:3,0
DA:4,0
DA:5,0
DA:6,0
DA:9,0
DA:15,0
DA:16,0
DA:17,0
DA:18,0
DA:19,0
DA:20,0
DA:21,0
DA:22,0
DA:23,0
DA:25,0
DA:26,0
DA:27,0
DA:28,0
DA:31,0
DA:32,0
DA:33,0
DA:34,0
DA:35,0
DA:38,0
DA:40,0
DA:42,0
DA:43,0
DA:45,0
DA:49,0
DA:51,0
DA:54,0
DA:55,0
DA:56,0
DA:60,0
DA:61,0
DA:68,0
LF:38
LH:0
BRDA:27,0,0,0
BRDA:27,0,1,0
BRDA:27,1,0,0
BRDA:27,1,1,0
BRDA:31,2,0,0
BRDA:31,2,1,0
BRDA:33,3,0,0
BRDA:33,3,1,0
BRDA:42,4,0,0
BRDA:42,4,1,0
BRDA:60,5,0,0
BRDA:60,5,1,0
BRDA:72,6,0,0
BRDA:72,6,1,0
BRDA:73,7,0,0
BRDA:73,7,1,0
BRDA:79,8,0,0
BRDA:79,8,1,0
BRDA:80,9,0,0
BRDA:80,9,1,0
BRF:20
BRH:0
end_of_record
TN:
SF:src\store\authSlice.ts
FN:13,(anonymous_7)
FN:36,(anonymous_8)
FN:36,(anonymous_9)
FN:51,(anonymous_10)
FN:51,(anonymous_11)
FN:66,(anonymous_12)
FN:72,(anonymous_13)
FN:78,(anonymous_14)
FN:80,(anonymous_15)
FN:84,(anonymous_16)
FN:90,(anonymous_17)
FN:97,(anonymous_18)
FN:101,(anonymous_19)
FN:107,(anonymous_20)
FNF:14
FNH:0
FNDA:0,(anonymous_7)
FNDA:0,(anonymous_8)
FNDA:0,(anonymous_9)
FNDA:0,(anonymous_10)
FNDA:0,(anonymous_11)
FNDA:0,(anonymous_12)
FNDA:0,(anonymous_13)
FNDA:0,(anonymous_14)
FNDA:0,(anonymous_15)
FNDA:0,(anonymous_16)
FNDA:0,(anonymous_17)
FNDA:0,(anonymous_18)
FNDA:0,(anonymous_19)
FNDA:0,(anonymous_20)
DA:2,0
DA:4,0
DA:13,0
DA:14,0
DA:15,0
DA:16,0
DA:18,0
DA:22,0
DA:24,0
DA:32,0
DA:36,0
DA:37,0
DA:38,0
DA:39,0
DA:41,0
DA:42,0
DA:43,0
DA:47,0
DA:51,0
DA:52,0
DA:53,0
DA:54,0
DA:56,0
DA:57,0
DA:58,0
DA:62,0
DA:67,0
DA:68,0
DA:69,0
DA:70,0
DA:73,0
DA:74,0
DA:75,0
DA:80,0
DA:81,0
DA:82,0
DA:84,0
DA:85,0
DA:86,0
DA:87,0
DA:88,0
DA:90,0
DA:91,0
DA:92,0
DA:93,0
DA:97,0
DA:98,0
DA:99,0
DA:101,0
DA:102,0
DA:103,0
DA:107,0
DA:108,0
DA:109,0
DA:114,0
DA:115,0
LF:56
LH:0
BRDA:16,0,0,0
BRDA:16,0,1,0
BRDA:42,1,0,0
BRDA:42,1,1,0
BRDA:57,2,0,0
BRDA:57,2,1,0
BRDA:92,3,0,0
BRDA:92,3,1,0
BRDA:109,4,0,0
BRDA:109,4,1,0
BRF:10
BRH:0
end_of_record
TN:
SF:src\store\formSlice.ts
FN:17,(anonymous_0)
FN:20,(anonymous_1)
FNF:2
FNH:0
FNDA:0,(anonymous_0)
FNDA:0,(anonymous_1)
DA:1,0
DA:8,0
DA:13,0
DA:18,0
DA:21,0
DA:26,0
DA:27,0
LF:7
LH:0
BRF:0
BRH:0
end_of_record
TN:
SF:src\store\hooks.ts
FN:6,(anonymous_0)
FNF:1
FNH:0
FNDA:0,(anonymous_0)
DA:1,0
DA:6,0
DA:7,0
LF:3
LH:0
BRF:0
BRH:0
end_of_record
TN:
SF:src\store\index.ts
FNF:0
FNH:0
DA:1,0
DA:2,0
DA:3,0
DA:4,0
DA:6,0
DA:17,0
LF:6
LH:0
BRF:0
BRH:0
end_of_record
TN:
SF:src\store\requestsSlice.ts
FN:12,(anonymous_7)
FN:12,(anonymous_8)
FN:22,(anonymous_9)
FN:22,(anonymous_10)
FN:33,(anonymous_11)
FN:33,(anonymous_12)
FN:55,(anonymous_13)
FN:58,(anonymous_14)
FN:59,(anonymous_15)
FN:63,(anonymous_16)
FN:69,(anonymous_17)
FN:70,(anonymous_18)
FN:74,(anonymous_19)
FN:81,(anonymous_20)
FN:82,(anonymous_21)
FN:84,(anonymous_22)
FN:87,(anonymous_23)
FNF:17
FNH:0
FNDA:0,(anonymous_7)
FNDA:0,(anonymous_8)
FNDA:0,(anonymous_9)
FNDA:0,(anonymous_10)
FNDA:0,(anonymous_11)
FNDA:0,(anonymous_12)
FNDA:0,(anonymous_13)
FNDA:0,(anonymous_14)
FNDA:0,(anonymous_15)
FNDA:0,(anonymous_16)
FNDA:0,(anonymous_17)
FNDA:0,(anonymous_18)
FNDA:0,(anonymous_19)
FNDA:0,(anonymous_20)
FNDA:0,(anonymous_21)
FNDA:0,(anonymous_22)
FNDA:0,(anonymous_23)
DA:1,0
DA:3,0
DA:4,0
DA:10,0
DA:12,0
DA:13,0
DA:14,0
DA:15,0
DA:20,0
DA:22,0
DA:23,0
DA:24,0
DA:25,0
DA:30,0
DA:33,0
DA:34,0
DA:35,0
DA:45,0
DA:51,0
DA:57,0
DA:58,0
DA:60,0
DA:61,0
DA:64,0
DA:65,0
DA:68,0
DA:69,0
DA:71,0
DA:72,0
DA:75,0
DA:76,0
DA:80,0
DA:81,0
DA:83,0
DA:84,0
DA:85,0
DA:88,0
DA:89,0
DA:94,0
LF:39
LH:0
BRDA:65,0,0,0
BRDA:65,0,1,0
BRDA:76,1,0,0
BRDA:76,1,1,0
BRDA:85,2,0,0
BRDA:85,2,1,0
BRDA:89,3,0,0
BRDA:89,3,1,0
BRF:8
BRH:0
end_of_record
TN:
SF:src\utils\emiratesId.ts
FN:1,formatEmiratesId
FN:18,(anonymous_1)
FNF:2
FNH:0
FNDA:0,formatEmiratesId
FNDA:0,(anonymous_1)
DA:1,0
DA:2,0
DA:4,0
DA:7,0
DA:8,0
DA:9,0
DA:10,0
DA:11,0
DA:12,0
DA:15,0
DA:18,0
DA:20,0
DA:23,0
DA:26,0
DA:28,0
LF:15
LH:0
BRDA:4,0,0,0
BRDA:4,0,1,0
BRDA:7,1,0,0
BRDA:7,1,1,0
BRDA:7,2,0,0
BRDA:7,2,1,0
BRDA:9,3,0,0
BRDA:9,3,1,0
BRDA:9,4,0,0
BRDA:9,4,1,0
BRDA:11,5,0,0
BRDA:11,5,1,0
BRDA:23,6,0,0
BRDA:23,6,1,0
BRDA:26,7,0,0
BRDA:26,7,1,0
BRF:16
BRH:0
end_of_record
TN:
SF:src\utils\toastConfig.ts
FNF:0
FNH:0
DA:1,0
LF:1
LH:0
BRF:0
BRH:0
end_of_record
